(2025-10-06 14:55:29) –ó–∞–ø—É—Å–∫ –∫–æ–º–∞–Ω–¥—ã float_expired_posts...
Unknown command: 'float_expired_posts'
Type 'manage.py help' for usage.
(2025-10-06 14:55:34) –ö–æ–º–∞–Ω–¥–∞ float_expired_posts –∑–∞–≤–µ—Ä—à–µ–Ω–∞.
(2025-10-06 14:56:34) –ó–∞–ø—É—Å–∫ –∫–æ–º–∞–Ω–¥—ã float_expired_posts...
Unknown command: 'float_expired_posts'
Type 'manage.py help' for usage.
(2025-10-06 14:56:36) –ö–æ–º–∞–Ω–¥–∞ float_expired_posts –∑–∞–≤–µ—Ä—à–µ–Ω–∞.
(2025-10-06 14:57:36) –ó–∞–ø—É—Å–∫ –∫–æ–º–∞–Ω–¥—ã float_expired_posts...
Unknown command: 'float_expired_posts'
Type 'manage.py help' for usage.
(2025-10-06 14:57:37) –ö–æ–º–∞–Ω–¥–∞ float_expired_posts –∑–∞–≤–µ—Ä—à–µ–Ω–∞.
(2025-10-06 14:58:37) –ó–∞–ø—É—Å–∫ –∫–æ–º–∞–Ω–¥—ã float_expired_posts...
Unknown command: 'float_expired_posts'
Type 'manage.py help' for usage.
(2025-10-06 14:58:39) –ö–æ–º–∞–Ω–¥–∞ float_expired_posts –∑–∞–≤–µ—Ä—à–µ–Ω–∞.
(2025-10-06 14:59:39) –ó–∞–ø—É—Å–∫ –∫–æ–º–∞–Ω–¥—ã float_expired_posts...
Unknown command: 'float_expired_posts'
Type 'manage.py help' for usage.
(2025-10-06 14:59:42) –ö–æ–º–∞–Ω–¥–∞ float_expired_posts –∑–∞–≤–µ—Ä—à–µ–Ω–∞.
(2025-10-06 15:00:42) –ó–∞–ø—É—Å–∫ –∫–æ–º–∞–Ω–¥—ã float_expired_posts...
Unknown command: 'float_expired_posts'
Type 'manage.py help' for usage.
(2025-10-06 15:00:44) –ö–æ–º–∞–Ω–¥–∞ float_expired_posts –∑–∞–≤–µ—Ä—à–µ–Ω–∞.
(2025-10-06 15:01:44) –ó–∞–ø—É—Å–∫ –∫–æ–º–∞–Ω–¥—ã float_expired_posts...
Unknown command: 'float_expired_posts'
Type 'manage.py help' for usage.
(2025-10-06 15:01:45) –ö–æ–º–∞–Ω–¥–∞ float_expired_posts –∑–∞–≤–µ—Ä—à–µ–Ω–∞.
(2025-10-06 15:01:53) –ó–∞–ø—É—Å–∫ –∫–æ–º–∞–Ω–¥—ã float_expired_posts...
Unknown command: 'float_expired_posts'
Type 'manage.py help' for usage.
(2025-10-06 15:01:54) –ö–æ–º–∞–Ω–¥–∞ float_expired_posts –∑–∞–≤–µ—Ä—à–µ–Ω–∞.
(2025-10-06 15:01:55) –ó–∞–ø—É—Å–∫ –∫–æ–º–∞–Ω–¥—ã float_expired_posts...
Unknown command: 'float_expired_posts'
Type 'manage.py help' for usage.
(2025-10-06 15:01:57) –ö–æ–º–∞–Ω–¥–∞ float_expired_posts –∑–∞–≤–µ—Ä—à–µ–Ω–∞.
(2025-10-06 15:02:54) –ó–∞–ø—É—Å–∫ –∫–æ–º–∞–Ω–¥—ã float_expired_posts...
Unknown command: 'float_expired_posts'
Type 'manage.py help' for usage.
(2025-10-06 15:02:56) –ö–æ–º–∞–Ω–¥–∞ float_expired_posts –∑–∞–≤–µ—Ä—à–µ–Ω–∞.
(2025-10-06 15:02:57) –ó–∞–ø—É—Å–∫ –∫–æ–º–∞–Ω–¥—ã float_expired_posts...
Unknown command: 'float_expired_posts'
Type 'manage.py help' for usage.
(2025-10-06 15:02:58) –ö–æ–º–∞–Ω–¥–∞ float_expired_posts –∑–∞–≤–µ—Ä—à–µ–Ω–∞.
(2025-10-06 15:03:56) –ó–∞–ø—É—Å–∫ –∫–æ–º–∞–Ω–¥—ã float_expired_posts...
Unknown command: 'float_expired_posts'
Type 'manage.py help' for usage.
(2025-10-06 15:03:57) –ö–æ–º–∞–Ω–¥–∞ float_expired_posts –∑–∞–≤–µ—Ä—à–µ–Ω–∞.
(2025-10-06 15:03:58) –ó–∞–ø—É—Å–∫ –∫–æ–º–∞–Ω–¥—ã float_expired_posts...
Unknown command: 'float_expired_posts'
Type 'manage.py help' for usage.
(2025-10-06 15:04:00) –ö–æ–º–∞–Ω–¥–∞ float_expired_posts –∑–∞–≤–µ—Ä—à–µ–Ω–∞.
(2025-10-06 15:04:57) –ó–∞–ø—É—Å–∫ –∫–æ–º–∞–Ω–¥—ã float_expired_posts...
Unknown command: 'float_expired_posts'
Type 'manage.py help' for usage.
(2025-10-06 15:04:58) –ö–æ–º–∞–Ω–¥–∞ float_expired_posts –∑–∞–≤–µ—Ä—à–µ–Ω–∞.
(2025-10-06 15:05:00) –ó–∞–ø—É—Å–∫ –∫–æ–º–∞–Ω–¥—ã float_expired_posts...
Unknown command: 'float_expired_posts'
Type 'manage.py help' for usage.
(2025-10-06 15:05:01) –ö–æ–º–∞–Ω–¥–∞ float_expired_posts –∑–∞–≤–µ—Ä—à–µ–Ω–∞.
(2025-10-06 15:05:58) –ó–∞–ø—É—Å–∫ –∫–æ–º–∞–Ω–¥—ã float_expired_posts...
Unknown command: 'float_expired_posts'
Type 'manage.py help' for usage.
(2025-10-06 15:06:00) –ö–æ–º–∞–Ω–¥–∞ float_expired_posts –∑–∞–≤–µ—Ä—à–µ–Ω–∞.
(2025-10-06 15:06:01) –ó–∞–ø—É—Å–∫ –∫–æ–º–∞–Ω–¥—ã float_expired_posts...
Unknown command: 'float_expired_posts'
Type 'manage.py help' for usage.
(2025-10-06 15:06:02) –ö–æ–º–∞–Ω–¥–∞ float_expired_posts –∑–∞–≤–µ—Ä—à–µ–Ω–∞.
(2025-10-06 15:07:00) –ó–∞–ø—É—Å–∫ –∫–æ–º–∞–Ω–¥—ã float_expired_posts...
Unknown command: 'float_expired_posts'
Type 'manage.py help' for usage.
(2025-10-06 15:07:02) –ö–æ–º–∞–Ω–¥–∞ float_expired_posts –∑–∞–≤–µ—Ä—à–µ–Ω–∞.
(2025-10-06 15:07:02) –ó–∞–ø—É—Å–∫ –∫–æ–º–∞–Ω–¥—ã float_expired_posts...
Unknown command: 'float_expired_posts'
Type 'manage.py help' for usage.
(2025-10-06 15:07:04) –ö–æ–º–∞–Ω–¥–∞ float_expired_posts –∑–∞–≤–µ—Ä—à–µ–Ω–∞.
(2025-10-06 15:08:02) –ó–∞–ø—É—Å–∫ –∫–æ–º–∞–Ω–¥—ã float_expired_posts...
Unknown command: 'float_expired_posts'
Type 'manage.py help' for usage.
(2025-10-06 15:08:04) –ö–æ–º–∞–Ω–¥–∞ float_expired_posts –∑–∞–≤–µ—Ä—à–µ–Ω–∞.
(2025-10-06 15:08:04) –ó–∞–ø—É—Å–∫ –∫–æ–º–∞–Ω–¥—ã float_expired_posts...
Unknown command: 'float_expired_posts'
Type 'manage.py help' for usage.
(2025-10-06 15:08:05) –ö–æ–º–∞–Ω–¥–∞ float_expired_posts –∑–∞–≤–µ—Ä—à–µ–Ω–∞.
(2025-10-06 15:09:04) –ó–∞–ø—É—Å–∫ –∫–æ–º–∞–Ω–¥—ã float_expired_posts...
Unknown command: 'float_expired_posts'
Type 'manage.py help' for usage.
(2025-10-06 15:09:05) –ó–∞–ø—É—Å–∫ –∫–æ–º–∞–Ω–¥—ã float_expired_posts...
Unknown command: 'float_expired_posts'
Type 'manage.py help' for usage.
∞.
(2025-10-06 15:09:07) –ö–æ–º–∞–Ω–¥–∞ float_expired_posts –∑–∞–≤–µ—Ä—à–µ–Ω–∞.
(2025-10-06 15:10:05) –ó–∞–ø—É—Å–∫ –∫–æ–º–∞–Ω–¥—ã float_expired_posts...
Unknown command: 'float_expired_posts'
Type 'manage.py help' for usage.Unknown command: 'float_expired_posts'
Type 'manage.py help' for usage.
–∞.
(2025-10-06 15:10:08) –ö–æ–º–∞–Ω–¥–∞ float_expired_posts –∑–∞–≤–µ—Ä—à–µ–Ω–∞.
(2025-10-06 15:11:07) –ó–∞–ø—É—Å–∫ –∫–æ–º–∞–Ω–¥—ã float_expired_posts...
Unknown command: 'float_expired_posts'
Type 'manage.py help' for usage.Unknown command: 'float_expired_posts'
Type 'manage.py help' for usage.
–∞.
(2025-10-06 15:11:10) –ö–æ–º–∞–Ω–¥–∞ float_expired_posts –∑–∞–≤–µ—Ä—à–µ–Ω–∞.
(2025-10-06 15:12:09) –ó–∞–ø—É—Å–∫ –∫–æ–º–∞–Ω–¥—ã float_expired_posts...
Unknown command: 'float_expired_posts'
Type 'manage.py help' for usage.Unknown command: 'float_expired_posts'
Type 'manage.py help' for usage.
(2025-10-06 15:12:12) –ö–æ–º–∞–Ω–¥–∞ float_expired_posts –∑–∞–≤–µ—Ä—à–µ–Ω–∞.
(2025-10-06 15:12:12) –ö–æ–º–∞–Ω–¥–∞ float_expired_posts –∑–∞–≤–µ—Ä—à–µ–Ω–∞.
(2025-10-06 15:13:12) –ó–∞–ø—É—Å–∫ –∫–æ–º–∞–Ω–¥—ã float_expired_posts...
(2025-10-06 15:13:12) –ó–∞–ø—É—Å–∫ –∫–æ–º–∞–Ω–¥—ã float_expired_posts...
Unknown command: 'float_expired_posts'
Type 'manage.py help' for usage.
(2025-10-06 15:13:13) –ö–æ–º–∞–Ω–¥–∞ float_expired_posts –∑–∞–≤–µ—Ä—à–µ–Ω–∞.
(2025-10-06 15:13:13) –ö–æ–º–∞–Ω–¥–∞ float_expired_posts –∑–∞–≤–µ—Ä—à–µ–Ω–∞.
(2025-10-06 15:14:13) –ó–∞–ø—É—Å–∫ –∫–æ–º–∞–Ω–¥—ã float_expired_posts...
(2025-10-06 15:14:13) –ó–∞–ø—É—Å–∫ –∫–æ–º–∞–Ω–¥—ã float_expired_posts...
Unknown command: 'float_expired_posts'
Type 'manage.py help' for usage.
(2025-10-06 15:14:15) –ö–æ–º–∞–Ω–¥–∞ float_expired_posts –∑–∞–≤–µ—Ä—à–µ–Ω–∞.
(2025-10-06 15:14:15) –ö–æ–º–∞–Ω–¥–∞ float_expired_posts –∑–∞–≤–µ—Ä—à–µ–Ω–∞.
(2025-10-06 15:15:15) –ó–∞–ø—É—Å–∫ –∫–æ–º–∞–Ω–¥—ã float_expired_posts...
Unknown command: 'float_expired_posts'
Type 'manage.py help' for usage.Unknown command: 'float_expired_posts'
Type 'manage.py help' for usage.
(2025-10-06 15:15:16) –ö–æ–º–∞–Ω–¥–∞ float_expired_posts –∑–∞–≤–µ—Ä—à–µ–Ω–∞.
(2025-10-06 15:15:16) –ö–æ–º–∞–Ω–¥–∞ float_expired_posts –∑–∞–≤–µ—Ä—à–µ–Ω–∞.
(2025-10-06 15:16:16) –ó–∞–ø—É—Å–∫ –∫–æ–º–∞–Ω–¥—ã float_expired_posts...
(2025-10-06 15:16:16) –ó–∞–ø—É—Å–∫ –∫–æ–º–∞–Ω–¥—ã float_expired_posts...
Unknown command: 'float_expired_posts'
Type 'manage.py help' for usage.
(2025-10-06 15:16:18) –ö–æ–º–∞–Ω–¥–∞ float_expired_posts –∑–∞–≤–µ—Ä—à–µ–Ω–∞.
(2025-10-06 15:16:18) –ö–æ–º–∞–Ω–¥–∞ float_expired_posts –∑–∞–≤–µ—Ä—à–µ–Ω–∞.
(2025-10-06 15:17:18) –ó–∞–ø—É—Å–∫ –∫–æ–º–∞–Ω–¥—ã float_expired_posts...
(2025-10-06 15:17:18) –ó–∞–ø—É—Å–∫ –∫–æ–º–∞–Ω–¥—ã float_expired_posts...
Unknown command: 'float_expired_posts'
Type 'manage.py help' for usage.
(2025-10-06 15:17:19) –ö–æ–º–∞–Ω–¥–∞ float_expired_posts –∑–∞–≤–µ—Ä—à–µ–Ω–∞.
(2025-10-06 15:17:19) –ö–æ–º–∞–Ω–¥–∞ float_expired_posts –∑–∞–≤–µ—Ä—à–µ–Ω–∞.
(2025-10-06 15:18:19) –ó–∞–ø—É—Å–∫ –∫–æ–º–∞–Ω–¥—ã float_expired_posts...
(2025-10-06 15:18:19) –ó–∞–ø—É—Å–∫ –∫–æ–º–∞–Ω–¥—ã float_expired_posts...
Unknown command: 'float_expired_posts'
Type 'manage.py help' for usage.
(2025-10-06 15:18:21) –ö–æ–º–∞–Ω–¥–∞ float_expired_posts –∑–∞–≤–µ—Ä—à–µ–Ω–∞.
(2025-10-06 15:18:21) –ö–æ–º–∞–Ω–¥–∞ float_expired_posts –∑–∞–≤–µ—Ä—à–µ–Ω–∞.
(2025-10-06 15:19:21) –ó–∞–ø—É—Å–∫ –∫–æ–º–∞–Ω–¥—ã float_expired_posts...
(2025-10-06 15:19:21) –ó–∞–ø—É—Å–∫ –∫–æ–º–∞–Ω–¥—ã float_expired_posts...
Unknown command: 'float_expired_posts'
Type 'manage.py help' for usage.
(2025-10-06 15:19:24) –ö–æ–º–∞–Ω–¥–∞ float_expired_posts –∑–∞–≤–µ—Ä—à–µ–Ω–∞.
(2025-10-06 15:19:24) –ö–æ–º–∞–Ω–¥–∞ float_expired_posts –∑–∞–≤–µ—Ä—à–µ–Ω–∞.
(2025-10-06 15:20:25) –ó–∞–ø—É—Å–∫ –∫–æ–º–∞–Ω–¥—ã float_expired_posts...
(2025-10-06 15:20:25) –ó–∞–ø—É—Å–∫ –∫–æ–º–∞–Ω–¥—ã float_expired_posts...
Unknown command: 'float_expired_posts'
Type 'manage.py help' for usage.
(2025-10-06 15:20:27) –ö–æ–º–∞–Ω–¥–∞ float_expired_posts –∑–∞–≤–µ—Ä—à–µ–Ω–∞.
(2025-10-06 15:20:27) –ö–æ–º–∞–Ω–¥–∞ float_expired_posts –∑–∞–≤–µ—Ä—à–µ–Ω–∞.
(2025-10-06 15:21:27) –ó–∞–ø—É—Å–∫ –∫–æ–º–∞–Ω–¥—ã float_expired_posts...
(2025-10-06 15:21:27) –ó–∞–ø—É—Å–∫ –∫–æ–º–∞–Ω–¥—ã float_expired_posts...
Unknown command: 'float_expired_posts'
Type 'manage.py help' for usage.
(2025-10-06 15:21:29) –ö–æ–º–∞–Ω–¥–∞ float_expired_posts –∑–∞–≤–µ—Ä—à–µ–Ω–∞.
(2025-10-06 15:21:29) –ö–æ–º–∞–Ω–¥–∞ float_expired_posts –∑–∞–≤–µ—Ä—à–µ–Ω–∞.
(2025-10-06 15:22:29) –ó–∞–ø—É—Å–∫ –∫–æ–º–∞–Ω–¥—ã float_expired_posts...
(2025-10-06 15:22:29) –ó–∞–ø—É—Å–∫ –∫–æ–º–∞–Ω–¥—ã float_expired_posts...
Unknown command: 'float_expired_posts'
Type 'manage.py help' for usage.
(2025-10-06 15:22:31) –ö–æ–º–∞–Ω–¥–∞ float_expired_posts –∑–∞–≤–µ—Ä—à–µ–Ω–∞.
(2025-10-06 15:22:31) –ö–æ–º–∞–Ω–¥–∞ float_expired_posts –∑–∞–≤–µ—Ä—à–µ–Ω–∞.
(2025-10-06 15:23:31) –ó–∞–ø—É—Å–∫ –∫–æ–º–∞–Ω–¥—ã float_expired_posts...
(2025-10-06 15:23:31) –ó–∞–ø—É—Å–∫ –∫–æ–º–∞–Ω–¥—ã float_expired_posts...
Unknown command: 'float_expired_posts'
Type 'manage.py help' for usage.
(2025-10-06 15:23:33) –ö–æ–º–∞–Ω–¥–∞ float_expired_posts –∑–∞–≤–µ—Ä—à–µ–Ω–∞.
(2025-10-06 15:23:33) –ö–æ–º–∞–Ω–¥–∞ float_expired_posts –∑–∞–≤–µ—Ä—à–µ–Ω–∞.
(2025-10-06 15:24:33) –ó–∞–ø—É—Å–∫ –∫–æ–º–∞–Ω–¥—ã float_expired_posts...
(2025-10-06 15:24:33) –ó–∞–ø—É—Å–∫ –∫–æ–º–∞–Ω–¥—ã float_expired_posts...
Unknown command: 'float_expired_posts'
Type 'manage.py help' for usage.
(2025-10-06 15:24:34) –ö–æ–º–∞–Ω–¥–∞ float_expired_posts –∑–∞–≤–µ—Ä—à–µ–Ω–∞.
(2025-10-06 15:24:34) –ö–æ–º–∞–Ω–¥–∞ float_expired_posts –∑–∞–≤–µ—Ä—à–µ–Ω–∞.
(2025-10-06 15:25:34) –ó–∞–ø—É—Å–∫ –∫–æ–º–∞–Ω–¥—ã float_expired_posts...
(2025-10-06 15:25:34) –ó–∞–ø—É—Å–∫ –∫–æ–º–∞–Ω–¥—ã float_expired_posts...
Unknown command: 'float_expired_posts'
Type 'manage.py help' for usage.
(2025-10-06 15:25:35) –ö–æ–º–∞–Ω–¥–∞ float_expired_posts –∑–∞–≤–µ—Ä—à–µ–Ω–∞.
(2025-10-06 15:25:35) –ö–æ–º–∞–Ω–¥–∞ float_expired_posts –∑–∞–≤–µ—Ä—à–µ–Ω–∞.
(2025-10-06 15:26:35) –ó–∞–ø—É—Å–∫ –∫–æ–º–∞–Ω–¥—ã float_expired_posts...
Unknown command: 'float_expired_posts'
Type 'manage.py help' for usage.Unknown command: 'float_expired_posts'
Type 'manage.py help' for usage.
(2025-10-06 15:26:37) –ö–æ–º–∞–Ω–¥–∞ float_expired_posts –∑–∞–≤–µ—Ä—à–µ–Ω–∞.
(2025-10-06 15:26:37) –ö–æ–º–∞–Ω–¥–∞ float_expired_posts –∑–∞–≤–µ—Ä—à–µ–Ω–∞.
(2025-10-06 15:27:37) –ó–∞–ø—É—Å–∫ –∫–æ–º–∞–Ω–¥—ã float_expired_posts...
Unknown command: 'float_expired_posts'
Type 'manage.py help' for usage.Unknown command: 'float_expired_posts'
Type 'manage.py help' for usage.
(2025-10-06 15:27:38) –ö–æ–º–∞–Ω–¥–∞ float_expired_posts –∑–∞–≤–µ—Ä—à–µ–Ω–∞.
(2025-10-06 15:27:38) –ö–æ–º–∞–Ω–¥–∞ float_expired_posts –∑–∞–≤–µ—Ä—à–µ–Ω–∞.
(2025-10-06 15:28:38) –ó–∞–ø—É—Å–∫ –∫–æ–º–∞–Ω–¥—ã float_expired_posts...
(2025-10-06 15:28:38) –ó–∞–ø—É—Å–∫ –∫–æ–º–∞–Ω–¥—ã float_expired_posts...
Unknown command: 'float_expired_posts'
Type 'manage.py help' for usage.
(2025-10-06 15:28:40) –ö–æ–º–∞–Ω–¥–∞ float_expired_posts –∑–∞–≤–µ—Ä—à–µ–Ω–∞.
(2025-10-06 15:28:40) –ö–æ–º–∞–Ω–¥–∞ float_expired_posts –∑–∞–≤–µ—Ä—à–µ–Ω–∞.
(2025-10-06 15:29:40) –ó–∞–ø—É—Å–∫ –∫–æ–º–∞–Ω–¥—ã float_expired_posts...
(2025-10-06 15:29:40) –ó–∞–ø—É—Å–∫ –∫–æ–º–∞–Ω–¥—ã float_expired_posts...
Unknown command: 'float_expired_posts'
Type 'manage.py help' for usage.
(2025-10-06 15:29:41) –ö–æ–º–∞–Ω–¥–∞ float_expired_posts –∑–∞–≤–µ—Ä—à–µ–Ω–∞.
(2025-10-06 15:29:41) –ö–æ–º–∞–Ω–¥–∞ float_expired_posts –∑–∞–≤–µ—Ä—à–µ–Ω–∞.
(2025-10-06 15:30:41) –ó–∞–ø—É—Å–∫ –∫–æ–º–∞–Ω–¥—ã float_expired_posts...
(2025-10-06 15:30:41) –ó–∞–ø—É—Å–∫ –∫–æ–º–∞–Ω–¥—ã float_expired_posts...
Unknown command: 'float_expired_posts'
Type 'manage.py help' for usage.
(2025-10-06 15:30:43) –ö–æ–º–∞–Ω–¥–∞ float_expired_posts –∑–∞–≤–µ—Ä—à–µ–Ω–∞.
(2025-10-06 15:30:43) –ö–æ–º–∞–Ω–¥–∞ float_expired_posts –∑–∞–≤–µ—Ä—à–µ–Ω–∞.
(2025-10-06 15:31:43) –ó–∞–ø—É—Å–∫ –∫–æ–º–∞–Ω–¥—ã float_expired_posts...
(2025-10-06 15:31:43) –ó–∞–ø—É—Å–∫ –∫–æ–º–∞–Ω–¥—ã float_expired_posts...
Unknown command: 'float_expired_posts'
Type 'manage.py help' for usage.
(2025-10-06 15:31:44) –ö–æ–º–∞–Ω–¥–∞ float_expired_posts –∑–∞–≤–µ—Ä—à–µ–Ω–∞.
(2025-10-06 15:31:44) –ö–æ–º–∞–Ω–¥–∞ float_expired_posts –∑–∞–≤–µ—Ä—à–µ–Ω–∞.
(2025-10-06 15:32:44) –ó–∞–ø—É—Å–∫ –∫–æ–º–∞–Ω–¥—ã float_expired_posts...
(2025-10-06 15:32:44) –ó–∞–ø—É—Å–∫ –∫–æ–º–∞–Ω–¥—ã float_expired_posts...
Unknown command: 'float_expired_posts'
Type 'manage.py help' for usage.
(2025-10-06 15:32:46) –ö–æ–º–∞–Ω–¥–∞ float_expired_posts –∑–∞–≤–µ—Ä—à–µ–Ω–∞.
(2025-10-06 15:32:46) –ö–æ–º–∞–Ω–¥–∞ float_expired_posts –∑–∞–≤–µ—Ä—à–µ–Ω–∞.
(2025-10-06 15:33:46) –ó–∞–ø—É—Å–∫ –∫–æ–º–∞–Ω–¥—ã float_expired_posts...
(2025-10-06 15:33:46) –ó–∞–ø—É—Å–∫ –∫–æ–º–∞–Ω–¥—ã float_expired_posts...
Unknown command: 'float_expired_posts'
Type 'manage.py help' for usage.
(2025-10-06 15:33:48) –ö–æ–º–∞–Ω–¥–∞ float_expired_posts –∑–∞–≤–µ—Ä—à–µ–Ω–∞.
(2025-10-06 15:33:48) –ö–æ–º–∞–Ω–¥–∞ float_expired_posts –∑–∞–≤–µ—Ä—à–µ–Ω–∞.
(2025-10-06 15:34:48) –ó–∞–ø—É—Å–∫ –∫–æ–º–∞–Ω–¥—ã float_expired_posts...
(2025-10-06 15:34:48) –ó–∞–ø—É—Å–∫ –∫–æ–º–∞–Ω–¥—ã float_expired_posts...
Unknown command: 'float_expired_posts'
Type 'manage.py help' for usage.
(2025-10-06 15:34:49) –ö–æ–º–∞–Ω–¥–∞ float_expired_posts –∑–∞–≤–µ—Ä—à–µ–Ω–∞.
(2025-10-06 15:34:49) –ö–æ–º–∞–Ω–¥–∞ float_expired_posts –∑–∞–≤–µ—Ä—à–µ–Ω–∞.
(2025-10-06 15:35:49) –ó–∞–ø—É—Å–∫ –∫–æ–º–∞–Ω–¥—ã float_expired_posts...
(2025-10-06 15:35:49) –ó–∞–ø—É—Å–∫ –∫–æ–º–∞–Ω–¥—ã float_expired_posts...
Unknown command: 'float_expired_posts'
Type 'manage.py help' for usage.
(2025-10-06 15:35:50) –ö–æ–º–∞–Ω–¥–∞ float_expired_posts –∑–∞–≤–µ—Ä—à–µ–Ω–∞.
(2025-10-06 15:35:50) –ö–æ–º–∞–Ω–¥–∞ float_expired_posts –∑–∞–≤–µ—Ä—à–µ–Ω–∞.
(2025-10-06 15:36:50) –ó–∞–ø—É—Å–∫ –∫–æ–º–∞–Ω–¥—ã float_expired_posts...
(2025-10-06 15:36:50) –ó–∞–ø—É—Å–∫ –∫–æ–º–∞–Ω–¥—ã float_expired_posts...
Unknown command: 'float_expired_posts'
Type 'manage.py help' for usage.
(2025-10-06 15:36:52) –ö–æ–º–∞–Ω–¥–∞ float_expired_posts –∑–∞–≤–µ—Ä—à–µ–Ω–∞.
(2025-10-06 15:36:52) –ö–æ–º–∞–Ω–¥–∞ float_expired_posts –∑–∞–≤–µ—Ä—à–µ–Ω–∞.
(2025-10-06 15:37:52) –ó–∞–ø—É—Å–∫ –∫–æ–º–∞–Ω–¥—ã float_expired_posts...
(2025-10-06 15:37:52) –ó–∞–ø—É—Å–∫ –∫–æ–º–∞–Ω–¥—ã float_expired_posts...
Unknown command: 'float_expired_posts'
Type 'manage.py help' for usage.
(2025-10-06 15:37:53) –ö–æ–º–∞–Ω–¥–∞ float_expired_posts –∑–∞–≤–µ—Ä—à–µ–Ω–∞.
(2025-10-06 15:37:53) –ö–æ–º–∞–Ω–¥–∞ float_expired_posts –∑–∞–≤–µ—Ä—à–µ–Ω–∞.
(2025-10-06 15:38:53) –ó–∞–ø—É—Å–∫ –∫–æ–º–∞–Ω–¥—ã float_expired_posts...
(2025-10-06 15:38:53) –ó–∞–ø—É—Å–∫ –∫–æ–º–∞–Ω–¥—ã float_expired_posts...
Unknown command: 'float_expired_posts'
Type 'manage.py help' for usage.
(2025-10-06 15:38:54) –ö–æ–º–∞–Ω–¥–∞ float_expired_posts –∑–∞–≤–µ—Ä—à–µ–Ω–∞.
(2025-10-06 15:38:54) –ö–æ–º–∞–Ω–¥–∞ float_expired_posts –∑–∞–≤–µ—Ä—à–µ–Ω–∞.
(2025-10-06 15:39:54) –ó–∞–ø—É—Å–∫ –∫–æ–º–∞–Ω–¥—ã float_expired_posts...
(2025-10-06 15:39:54) –ó–∞–ø—É—Å–∫ –∫–æ–º–∞–Ω–¥—ã float_expired_posts...
Unknown command: 'float_expired_posts'
Type 'manage.py help' for usage.
(2025-10-06 15:39:56) –ö–æ–º–∞–Ω–¥–∞ float_expired_posts –∑–∞–≤–µ—Ä—à–µ–Ω–∞.
(2025-10-06 15:39:56) –ö–æ–º–∞–Ω–¥–∞ float_expired_posts –∑–∞–≤–µ—Ä—à–µ–Ω–∞.
(2025-10-06 15:40:56) –ó–∞–ø—É—Å–∫ –∫–æ–º–∞–Ω–¥—ã float_expired_posts...
(2025-10-06 15:40:56) –ó–∞–ø—É—Å–∫ –∫–æ–º–∞–Ω–¥—ã float_expired_posts...
Unknown command: 'float_expired_posts'
Type 'manage.py help' for usage.
(2025-10-06 15:40:57) –ö–æ–º–∞–Ω–¥–∞ float_expired_posts –∑–∞–≤–µ—Ä—à–µ–Ω–∞.
(2025-10-06 15:40:57) –ö–æ–º–∞–Ω–¥–∞ float_expired_posts –∑–∞–≤–µ—Ä—à–µ–Ω–∞.
(2025-10-06 15:41:57) –ó–∞–ø—É—Å–∫ –∫–æ–º–∞–Ω–¥—ã float_expired_posts...
Unknown command: 'float_expired_posts'
Type 'manage.py help' for usage.Unknown command: 'float_expired_posts'
Type 'manage.py help' for usage.
(2025-10-06 15:41:58) –ö–æ–º–∞–Ω–¥–∞ float_expired_posts –∑–∞–≤–µ—Ä—à–µ–Ω–∞.
(2025-10-06 15:41:58) –ö–æ–º–∞–Ω–¥–∞ float_expired_posts –∑–∞–≤–µ—Ä—à–µ–Ω–∞.
(2025-10-06 15:42:58) –ó–∞–ø—É—Å–∫ –∫–æ–º–∞–Ω–¥—ã float_expired_posts...
(2025-10-06 15:42:58) –ó–∞–ø—É—Å–∫ –∫–æ–º–∞–Ω–¥—ã float_expired_posts...
Unknown command: 'float_expired_posts'
Type 'manage.py help' for usage.
(2025-10-06 15:43:00) –ö–æ–º–∞–Ω–¥–∞ float_expired_posts –∑–∞–≤–µ—Ä—à–µ–Ω–∞.
(2025-10-06 15:43:00) –ö–æ–º–∞–Ω–¥–∞ float_expired_posts –∑–∞–≤–µ—Ä—à–µ–Ω–∞.
(2025-10-06 15:44:00) –ó–∞–ø—É—Å–∫ –∫–æ–º–∞–Ω–¥—ã float_expired_posts...
(2025-10-06 15:44:00) –ó–∞–ø—É—Å–∫ –∫–æ–º–∞–Ω–¥—ã float_expired_posts...
Unknown command: 'float_expired_posts'
Type 'manage.py help' for usage.
(2025-10-06 15:44:01) –ö–æ–º–∞–Ω–¥–∞ float_expired_posts –∑–∞–≤–µ—Ä—à–µ–Ω–∞.
(2025-10-06 15:44:01) –ö–æ–º–∞–Ω–¥–∞ float_expired_posts –∑–∞–≤–µ—Ä—à–µ–Ω–∞.
(2025-10-06 15:45:01) –ó–∞–ø—É—Å–∫ –∫–æ–º–∞–Ω–¥—ã float_expired_posts...
(2025-10-06 15:45:01) –ó–∞–ø—É—Å–∫ –∫–æ–º–∞–Ω–¥—ã float_expired_posts...
Unknown command: 'float_expired_posts'
Type 'manage.py help' for usage.
(2025-10-06 15:45:03) –ö–æ–º–∞–Ω–¥–∞ float_expired_posts –∑–∞–≤–µ—Ä—à–µ–Ω–∞.
(2025-10-06 15:45:03) –ö–æ–º–∞–Ω–¥–∞ float_expired_posts –∑–∞–≤–µ—Ä—à–µ–Ω–∞.
(2025-10-06 15:46:03) –ó–∞–ø—É—Å–∫ –∫–æ–º–∞–Ω–¥—ã float_expired_posts...
(2025-10-06 15:46:03) –ó–∞–ø—É—Å–∫ –∫–æ–º–∞–Ω–¥—ã float_expired_posts...
Unknown command: 'float_expired_posts'
Type 'manage.py help' for usage.
(2025-10-06 15:46:04) –ö–æ–º–∞–Ω–¥–∞ float_expired_posts –∑–∞–≤–µ—Ä—à–µ–Ω–∞.
(2025-10-06 15:46:04) –ö–æ–º–∞–Ω–¥–∞ float_expired_posts –∑–∞–≤–µ—Ä—à–µ–Ω–∞.
(2025-10-06 15:47:04) –ó–∞–ø—É—Å–∫ –∫–æ–º–∞–Ω–¥—ã float_expired_posts...
(2025-10-06 15:47:04) –ó–∞–ø—É—Å–∫ –∫–æ–º–∞–Ω–¥—ã float_expired_posts...
Unknown command: 'float_expired_posts'
Type 'manage.py help' for usage.
(2025-10-06 15:47:05) –ö–æ–º–∞–Ω–¥–∞ float_expired_posts –∑–∞–≤–µ—Ä—à–µ–Ω–∞.
(2025-10-06 15:47:05) –ö–æ–º–∞–Ω–¥–∞ float_expired_posts –∑–∞–≤–µ—Ä—à–µ–Ω–∞.
(2025-10-06 15:48:05) –ó–∞–ø—É—Å–∫ –∫–æ–º–∞–Ω–¥—ã float_expired_posts...
(2025-10-06 15:48:05) –ó–∞–ø—É—Å–∫ –∫–æ–º–∞–Ω–¥—ã float_expired_posts...
Unknown command: 'float_expired_posts'
Type 'manage.py help' for usage.
(2025-10-06 15:48:07) –ö–æ–º–∞–Ω–¥–∞ float_expired_posts –∑–∞–≤–µ—Ä—à–µ–Ω–∞.
(2025-10-06 15:48:07) –ö–æ–º–∞–Ω–¥–∞ float_expired_posts –∑–∞–≤–µ—Ä—à–µ–Ω–∞.
(2025-10-06 15:49:07) –ó–∞–ø—É—Å–∫ –∫–æ–º–∞–Ω–¥—ã float_expired_posts...
Unknown command: 'float_expired_posts'
Type 'manage.py help' for usage.Unknown command: 'float_expired_posts'
Type 'manage.py help' for usage.
(2025-10-06 15:49:08) –ö–æ–º–∞–Ω–¥–∞ float_expired_posts –∑–∞–≤–µ—Ä—à–µ–Ω–∞.
(2025-10-06 15:49:08) –ö–æ–º–∞–Ω–¥–∞ float_expired_posts –∑–∞–≤–µ—Ä—à–µ–Ω–∞.
(2025-10-06 15:50:08) –ó–∞–ø—É—Å–∫ –∫–æ–º–∞–Ω–¥—ã float_expired_posts...
Unknown command: 'float_expired_posts'
Type 'manage.py help' for usage.Unknown command: 'float_expired_posts'
Type 'manage.py help' for usage.
(2025-10-06 15:50:09) –ö–æ–º–∞–Ω–¥–∞ float_expired_posts –∑–∞–≤–µ—Ä—à–µ–Ω–∞.
(2025-10-06 15:50:10) –ö–æ–º–∞–Ω–¥–∞ float_expired_posts –∑–∞–≤–µ—Ä—à–µ–Ω–∞.
(2025-10-06 15:51:10) –ó–∞–ø—É—Å–∫ –∫–æ–º–∞–Ω–¥—ã float_expired_posts...
(2025-10-06 15:51:10) –ó–∞–ø—É—Å–∫ –∫–æ–º–∞–Ω–¥—ã float_expired_posts...
Unknown command: 'float_expired_posts'
Type 'manage.py help' for usage.
(2025-10-06 15:51:11) –ö–æ–º–∞–Ω–¥–∞ float_expired_posts –∑–∞–≤–µ—Ä—à–µ–Ω–∞.
(2025-10-06 15:51:11) –ö–æ–º–∞–Ω–¥–∞ float_expired_posts –∑–∞–≤–µ—Ä—à–µ–Ω–∞.
(2025-10-06 15:52:11) –ó–∞–ø—É—Å–∫ –∫–æ–º–∞–Ω–¥—ã float_expired_posts...
(2025-10-06 15:52:11) –ó–∞–ø—É—Å–∫ –∫–æ–º–∞–Ω–¥—ã float_expired_posts...
Unknown command: 'float_expired_posts'
Type 'manage.py help' for usage.
(2025-10-06 15:52:12) –ö–æ–º–∞–Ω–¥–∞ float_expired_posts –∑–∞–≤–µ—Ä—à–µ–Ω–∞.
(2025-10-06 15:52:12) –ö–æ–º–∞–Ω–¥–∞ float_expired_posts –∑–∞–≤–µ—Ä—à–µ–Ω–∞.
(2025-10-06 15:53:12) –ó–∞–ø—É—Å–∫ –∫–æ–º–∞–Ω–¥—ã float_expired_posts...
(2025-10-06 15:53:12) –ó–∞–ø—É—Å–∫ –∫–æ–º–∞–Ω–¥—ã float_expired_posts...
Unknown command: 'float_expired_posts'
Type 'manage.py help' for usage.
(2025-10-06 15:53:14) –ö–æ–º–∞–Ω–¥–∞ float_expired_posts –∑–∞–≤–µ—Ä—à–µ–Ω–∞.
(2025-10-06 15:53:14) –ö–æ–º–∞–Ω–¥–∞ float_expired_posts –∑–∞–≤–µ—Ä—à–µ–Ω–∞.
(2025-10-06 15:54:14) –ó–∞–ø—É—Å–∫ –∫–æ–º–∞–Ω–¥—ã float_expired_posts...
(2025-10-06 15:54:14) –ó–∞–ø—É—Å–∫ –∫–æ–º–∞–Ω–¥—ã float_expired_posts...
Unknown command: 'float_expired_posts'
Type 'manage.py help' for usage.
(2025-10-06 15:54:15) –ö–æ–º–∞–Ω–¥–∞ float_expired_posts –∑–∞–≤–µ—Ä—à–µ–Ω–∞.
(2025-10-06 15:54:15) –ö–æ–º–∞–Ω–¥–∞ float_expired_posts –∑–∞–≤–µ—Ä—à–µ–Ω–∞.
(2025-10-06 15:55:15) –ó–∞–ø—É—Å–∫ –∫–æ–º–∞–Ω–¥—ã float_expired_posts...
(2025-10-06 15:55:15) –ó–∞–ø—É—Å–∫ –∫–æ–º–∞–Ω–¥—ã float_expired_posts...
Unknown command: 'float_expired_posts'
Type 'manage.py help' for usage.
(2025-10-06 15:55:16) –ö–æ–º–∞–Ω–¥–∞ float_expired_posts –∑–∞–≤–µ—Ä—à–µ–Ω–∞.
(2025-10-06 15:55:16) –ö–æ–º–∞–Ω–¥–∞ float_expired_posts –∑–∞–≤–µ—Ä—à–µ–Ω–∞.
(2025-10-06 15:56:16) –ó–∞–ø—É—Å–∫ –∫–æ–º–∞–Ω–¥—ã float_expired_posts...
(2025-10-06 15:56:16) –ó–∞–ø—É—Å–∫ –∫–æ–º–∞–Ω–¥—ã float_expired_posts...
Unknown command: 'float_expired_posts'
Type 'manage.py help' for usage.
(2025-10-06 15:56:18) –ö–æ–º–∞–Ω–¥–∞ float_expired_posts –∑–∞–≤–µ—Ä—à–µ–Ω–∞.
(2025-10-06 15:56:18) –ö–æ–º–∞–Ω–¥–∞ float_expired_posts –∑–∞–≤–µ—Ä—à–µ–Ω–∞.
(2025-10-06 15:57:18) –ó–∞–ø—É—Å–∫ –∫–æ–º–∞–Ω–¥—ã float_expired_posts...
(2025-10-06 15:57:18) –ó–∞–ø—É—Å–∫ –∫–æ–º–∞–Ω–¥—ã float_expired_posts...
Unknown command: 'float_expired_posts'
Type 'manage.py help' for usage.
(2025-10-06 15:57:19) –ö–æ–º–∞–Ω–¥–∞ float_expired_posts –∑–∞–≤–µ—Ä—à–µ–Ω–∞.
(2025-10-06 15:57:19) –ö–æ–º–∞–Ω–¥–∞ float_expired_posts –∑–∞–≤–µ—Ä—à–µ–Ω–∞.
(2025-10-06 15:58:19) –ó–∞–ø—É—Å–∫ –∫–æ–º–∞–Ω–¥—ã float_expired_posts...
(2025-10-06 15:58:19) –ó–∞–ø—É—Å–∫ –∫–æ–º–∞–Ω–¥—ã float_expired_posts...
Unknown command: 'float_expired_posts'
Type 'manage.py help' for usage.
(2025-10-06 15:58:20) –ö–æ–º–∞–Ω–¥–∞ float_expired_posts –∑–∞–≤–µ—Ä—à–µ–Ω–∞.
(2025-10-06 15:58:20) –ö–æ–º–∞–Ω–¥–∞ float_expired_posts –∑–∞–≤–µ—Ä—à–µ–Ω–∞.
(2025-10-06 15:59:20) –ó–∞–ø—É—Å–∫ –∫–æ–º–∞–Ω–¥—ã float_expired_posts...
(2025-10-06 15:59:20) –ó–∞–ø—É—Å–∫ –∫–æ–º–∞–Ω–¥—ã float_expired_posts...
Unknown command: 'float_expired_posts'
Type 'manage.py help' for usage.
(2025-10-06 15:59:21) –ö–æ–º–∞–Ω–¥–∞ float_expired_posts –∑–∞–≤–µ—Ä—à–µ–Ω–∞.
(2025-10-06 15:59:21) –ö–æ–º–∞–Ω–¥–∞ float_expired_posts –∑–∞–≤–µ—Ä—à–µ–Ω–∞.
(2025-10-06 16:00:22) –ó–∞–ø—É—Å–∫ –∫–æ–º–∞–Ω–¥—ã float_expired_posts...
(2025-10-06 16:00:22) –ó–∞–ø—É—Å–∫ –∫–æ–º–∞–Ω–¥—ã float_expired_posts...
Unknown command: 'float_expired_posts'
Type 'manage.py help' for usage.
(2025-10-06 16:00:23) –ö–æ–º–∞–Ω–¥–∞ float_expired_posts –∑–∞–≤–µ—Ä—à–µ–Ω–∞.
(2025-10-06 16:00:23) –ö–æ–º–∞–Ω–¥–∞ float_expired_posts –∑–∞–≤–µ—Ä—à–µ–Ω–∞.
(2025-10-06 16:01:23) –ó–∞–ø—É—Å–∫ –∫–æ–º–∞–Ω–¥—ã float_expired_posts...
Unknown command: 'float_expired_posts'
Type 'manage.py help' for usage.Unknown command: 'float_expired_posts'
Type 'manage.py help' for usage.
(2025-10-06 16:01:24) –ö–æ–º–∞–Ω–¥–∞ float_expired_posts –∑–∞–≤–µ—Ä—à–µ–Ω–∞.
(2025-10-06 16:01:24) –ö–æ–º–∞–Ω–¥–∞ float_expired_posts –∑–∞–≤–µ—Ä—à–µ–Ω–∞.
(2025-10-06 16:02:24) –ó–∞–ø—É—Å–∫ –∫–æ–º–∞–Ω–¥—ã float_expired_posts...
(2025-10-06 16:02:24) –ó–∞–ø—É—Å–∫ –∫–æ–º–∞–Ω–¥—ã float_expired_posts...
Unknown command: 'float_expired_posts'
Type 'manage.py help' for usage.
(2025-10-06 16:02:26) –ö–æ–º–∞–Ω–¥–∞ float_expired_posts –∑–∞–≤–µ—Ä—à–µ–Ω–∞.
(2025-10-06 16:02:26) –ö–æ–º–∞–Ω–¥–∞ float_expired_posts –∑–∞–≤–µ—Ä—à–µ–Ω–∞.
(2025-10-06 16:03:26) –ó–∞–ø—É—Å–∫ –∫–æ–º–∞–Ω–¥—ã float_expired_posts...
Unknown command: 'float_expired_posts'
Type 'manage.py help' for usage.Unknown command: 'float_expired_posts'
Type 'manage.py help' for usage.
(2025-10-06 16:03:27) –ö–æ–º–∞–Ω–¥–∞ float_expired_posts –∑–∞–≤–µ—Ä—à–µ–Ω–∞.
(2025-10-06 16:03:27) –ö–æ–º–∞–Ω–¥–∞ float_expired_posts –∑–∞–≤–µ—Ä—à–µ–Ω–∞.
(2025-10-06 16:04:27) –ó–∞–ø—É—Å–∫ –∫–æ–º–∞–Ω–¥—ã float_expired_posts...
(2025-10-06 16:04:27) –ó–∞–ø—É—Å–∫ –∫–æ–º–∞–Ω–¥—ã float_expired_posts...
Unknown command: 'float_expired_posts'
Type 'manage.py help' for usage.
(2025-10-06 16:04:28) –ö–æ–º–∞–Ω–¥–∞ float_expired_posts –∑–∞–≤–µ—Ä—à–µ–Ω–∞.
(2025-10-06 16:04:28) –ö–æ–º–∞–Ω–¥–∞ float_expired_posts –∑–∞–≤–µ—Ä—à–µ–Ω–∞.
(2025-10-06 16:05:28) –ó–∞–ø—É—Å–∫ –∫–æ–º–∞–Ω–¥—ã float_expired_posts...
Unknown command: 'float_expired_posts'
Type 'manage.py help' for usage.Unknown command: 'float_expired_posts'
Type 'manage.py help' for usage.
(2025-10-06 16:05:30) –ö–æ–º–∞–Ω–¥–∞ float_expired_posts –∑–∞–≤–µ—Ä—à–µ–Ω–∞.
(2025-10-06 16:05:30) –ö–æ–º–∞–Ω–¥–∞ float_expired_posts –∑–∞–≤–µ—Ä—à–µ–Ω–∞.
(2025-10-06 16:06:30) –ó–∞–ø—É—Å–∫ –∫–æ–º–∞–Ω–¥—ã float_expired_posts...
Unknown command: 'float_expired_posts'
Type 'manage.py help' for usage.
nknown command: 'float_expired_posts'
Type 'manage.py help' for usage.
(2025-10-06 16:06:31) –ö–æ–º–∞–Ω–¥–∞ float_expired_posts –∑–∞–≤–µ—Ä—à–µ–Ω–∞.
(2025-10-06 16:06:31) –ö–æ–º–∞–Ω–¥–∞ float_expired_posts –∑–∞–≤–µ—Ä—à–µ–Ω–∞.
(2025-10-06 16:07:31) –ó–∞–ø—É—Å–∫ –∫–æ–º–∞–Ω–¥—ã float_expired_posts...
(2025-10-06 16:07:31) –ó–∞–ø—É—Å–∫ –∫–æ–º–∞–Ω–¥—ã float_expired_posts...
Unknown command: 'float_expired_posts'
Type 'manage.py help' for usage.
(2025-10-06 16:07:32) –ö–æ–º–∞–Ω–¥–∞ float_expired_posts –∑–∞–≤–µ—Ä—à–µ–Ω–∞.
(2025-10-06 16:07:32) –ö–æ–º–∞–Ω–¥–∞ float_expired_posts –∑–∞–≤–µ—Ä—à–µ–Ω–∞.
(2025-10-06 16:08:32) –ó–∞–ø—É—Å–∫ –∫–æ–º–∞–Ω–¥—ã float_expired_posts...
(2025-10-06 16:08:32) –ó–∞–ø—É—Å–∫ –∫–æ–º–∞–Ω–¥—ã float_expired_posts...
Unknown command: 'float_expired_posts'
Type 'manage.py help' for usage.
(2025-10-06 16:08:34) –ö–æ–º–∞–Ω–¥–∞ float_expired_posts –∑–∞–≤–µ—Ä—à–µ–Ω–∞.
(2025-10-06 16:08:34) –ö–æ–º–∞–Ω–¥–∞ float_expired_posts –∑–∞–≤–µ—Ä—à–µ–Ω–∞.
(2025-10-06 16:09:34) –ó–∞–ø—É—Å–∫ –∫–æ–º–∞–Ω–¥—ã float_expired_posts...
(2025-10-06 16:09:34) –ó–∞–ø—É—Å–∫ –∫–æ–º–∞–Ω–¥—ã float_expired_posts...
Unknown command: 'float_expired_posts'
Type 'manage.py help' for usage.
(2025-10-06 16:09:35) –ö–æ–º–∞–Ω–¥–∞ float_expired_posts –∑–∞–≤–µ—Ä—à–µ–Ω–∞.
(2025-10-06 16:09:35) –ö–æ–º–∞–Ω–¥–∞ float_expired_posts –∑–∞–≤–µ—Ä—à–µ–Ω–∞.
(2025-10-06 16:10:36) –ó–∞–ø—É—Å–∫ –∫–æ–º–∞–Ω–¥—ã float_expired_posts...
(2025-10-06 16:10:36) –ó–∞–ø—É—Å–∫ –∫–æ–º–∞–Ω–¥—ã float_expired_posts...
Unknown command: 'float_expired_posts'
Type 'manage.py help' for usage.
(2025-10-06 16:10:40) –ö–æ–º–∞–Ω–¥–∞ float_expired_posts –∑–∞–≤–µ—Ä—à–µ–Ω–∞.
(2025-10-06 16:10:40) –ö–æ–º–∞–Ω–¥–∞ float_expired_posts –∑–∞–≤–µ—Ä—à–µ–Ω–∞.
(2025-10-06 16:11:40) –ó–∞–ø—É—Å–∫ –∫–æ–º–∞–Ω–¥—ã float_expired_posts...
(2025-10-06 16:11:40) –ó–∞–ø—É—Å–∫ –∫–æ–º–∞–Ω–¥—ã float_expired_posts...
Unknown command: 'float_expired_posts'
Type 'manage.py help' for usage.
(2025-10-06 16:11:45) –ö–æ–º–∞–Ω–¥–∞ float_expired_posts –∑–∞–≤–µ—Ä—à–µ–Ω–∞.
(2025-10-06 16:11:45) –ö–æ–º–∞–Ω–¥–∞ float_expired_posts –∑–∞–≤–µ—Ä—à–µ–Ω–∞.
(2025-10-06 16:12:45) –ó–∞–ø—É—Å–∫ –∫–æ–º–∞–Ω–¥—ã float_expired_posts...
(2025-10-06 16:12:45) –ó–∞–ø—É—Å–∫ –∫–æ–º–∞–Ω–¥—ã float_expired_posts...
Unknown command: 'float_expired_posts'
Type 'manage.py help' for usage.
(2025-10-06 16:12:46) –ö–æ–º–∞–Ω–¥–∞ float_expired_posts –∑–∞–≤–µ—Ä—à–µ–Ω–∞.
(2025-10-06 16:12:46) –ö–æ–º–∞–Ω–¥–∞ float_expired_posts –∑–∞–≤–µ—Ä—à–µ–Ω–∞.
(2025-10-06 16:13:46) –ó–∞–ø—É—Å–∫ –∫–æ–º–∞–Ω–¥—ã float_expired_posts...
(2025-10-06 16:13:46) –ó–∞–ø—É—Å–∫ –∫–æ–º–∞–Ω–¥—ã float_expired_posts...
Unknown command: 'float_expired_posts'
Type 'manage.py help' for usage.
(2025-10-06 16:13:52) –ö–æ–º–∞–Ω–¥–∞ float_expired_posts –∑–∞–≤–µ—Ä—à–µ–Ω–∞.
(2025-10-06 16:13:52) –ö–æ–º–∞–Ω–¥–∞ float_expired_posts –∑–∞–≤–µ—Ä—à–µ–Ω–∞.
(2025-10-06 16:14:52) –ó–∞–ø—É—Å–∫ –∫–æ–º–∞–Ω–¥—ã float_expired_posts...
(2025-10-06 16:14:52) –ó–∞–ø—É—Å–∫ –∫–æ–º–∞–Ω–¥—ã float_expired_posts...
Unknown command: 'float_expired_posts'
Type 'manage.py help' for usage.
(2025-10-06 16:14:54) –ö–æ–º–∞–Ω–¥–∞ float_expired_posts –∑–∞–≤–µ—Ä—à–µ–Ω–∞.
(2025-10-06 16:14:54) –ö–æ–º–∞–Ω–¥–∞ float_expired_posts –∑–∞–≤–µ—Ä—à–µ–Ω–∞.
(2025-10-06 16:15:54) –ó–∞–ø—É—Å–∫ –∫–æ–º–∞–Ω–¥—ã float_expired_posts...
(2025-10-06 16:15:54) –ó–∞–ø—É—Å–∫ –∫–æ–º–∞–Ω–¥—ã float_expired_posts...
Unknown command: 'float_expired_posts'
Type 'manage.py help' for usage.
(2025-10-06 16:15:59) –ö–æ–º–∞–Ω–¥–∞ float_expired_posts –∑–∞–≤–µ—Ä—à–µ–Ω–∞.
(2025-10-06 16:15:59) –ö–æ–º–∞–Ω–¥–∞ float_expired_posts –∑–∞–≤–µ—Ä—à–µ–Ω–∞.
(2025-10-06 16:16:59) –ó–∞–ø—É—Å–∫ –∫–æ–º–∞–Ω–¥—ã float_expired_posts...
(2025-10-06 16:16:59) –ó–∞–ø—É—Å–∫ –∫–æ–º–∞–Ω–¥—ã float_expired_posts...
Unknown command: 'float_expired_posts'
Type 'manage.py help' for usage.
(2025-10-06 16:17:01) –ö–æ–º–∞–Ω–¥–∞ float_expired_posts –∑–∞–≤–µ—Ä—à–µ–Ω–∞.
(2025-10-06 16:17:01) –ö–æ–º–∞–Ω–¥–∞ float_expired_posts –∑–∞–≤–µ—Ä—à–µ–Ω–∞.
(2025-10-06 16:18:01) –ó–∞–ø—É—Å–∫ –∫–æ–º–∞–Ω–¥—ã float_expired_posts...
(2025-10-06 16:18:01) –ó–∞–ø—É—Å–∫ –∫–æ–º–∞–Ω–¥—ã float_expired_posts...
Unknown command: 'float_expired_posts'
Type 'manage.py help' for usage.
(2025-10-06 16:18:02) –ö–æ–º–∞–Ω–¥–∞ float_expired_posts –∑–∞–≤–µ—Ä—à–µ–Ω–∞.
(2025-10-06 16:18:02) –ö–æ–º–∞–Ω–¥–∞ float_expired_posts –∑–∞–≤–µ—Ä—à–µ–Ω–∞.
(2025-10-06 16:19:02) –ó–∞–ø—É—Å–∫ –∫–æ–º–∞–Ω–¥—ã float_expired_posts...
(2025-10-06 16:19:02) –ó–∞–ø—É—Å–∫ –∫–æ–º–∞–Ω–¥—ã float_expired_posts...
Unknown command: 'float_expired_posts'
Type 'manage.py help' for usage.
(2025-10-06 16:19:04) –ö–æ–º–∞–Ω–¥–∞ float_expired_posts –∑–∞–≤–µ—Ä—à–µ–Ω–∞.
(2025-10-06 16:19:04) –ö–æ–º–∞–Ω–¥–∞ float_expired_posts –∑–∞–≤–µ—Ä—à–µ–Ω–∞.
(2025-10-06 16:20:04) –ó–∞–ø—É—Å–∫ –∫–æ–º–∞–Ω–¥—ã float_expired_posts...
(2025-10-06 16:20:04) –ó–∞–ø—É—Å–∫ –∫–æ–º–∞–Ω–¥—ã float_expired_posts...
Unknown command: 'float_expired_posts'
Type 'manage.py help' for usage.
(2025-10-06 16:20:05) –ö–æ–º–∞–Ω–¥–∞ float_expired_posts –∑–∞–≤–µ—Ä—à–µ–Ω–∞.
(2025-10-06 16:20:05) –ö–æ–º–∞–Ω–¥–∞ float_expired_posts –∑–∞–≤–µ—Ä—à–µ–Ω–∞.
(2025-10-06 16:21:05) –ó–∞–ø—É—Å–∫ –∫–æ–º–∞–Ω–¥—ã float_expired_posts...
(2025-10-06 16:21:05) –ó–∞–ø—É—Å–∫ –∫–æ–º–∞–Ω–¥—ã float_expired_posts...
Unknown command: 'float_expired_posts'
Type 'manage.py help' for usage.
(2025-10-06 16:21:10) –ö–æ–º–∞–Ω–¥–∞ float_expired_posts –∑–∞–≤–µ—Ä—à–µ–Ω–∞.
(2025-10-06 16:21:10) –ö–æ–º–∞–Ω–¥–∞ float_expired_posts –∑–∞–≤–µ—Ä—à–µ–Ω–∞.
(2025-10-06 16:22:10) –ó–∞–ø—É—Å–∫ –∫–æ–º–∞–Ω–¥—ã float_expired_posts...
(2025-10-06 16:22:10) –ó–∞–ø—É—Å–∫ –∫–æ–º–∞–Ω–¥—ã float_expired_posts...
Unknown command: 'float_expired_posts'
Type 'manage.py help' for usage.
(2025-10-06 16:22:11) –ö–æ–º–∞–Ω–¥–∞ float_expired_posts –∑–∞–≤–µ—Ä—à–µ–Ω–∞.
(2025-10-06 16:22:11) –ö–æ–º–∞–Ω–¥–∞ float_expired_posts –∑–∞–≤–µ—Ä—à–µ–Ω–∞.
(2025-10-06 16:23:11) –ó–∞–ø—É—Å–∫ –∫–æ–º–∞–Ω–¥—ã float_expired_posts...
(2025-10-06 16:23:11) –ó–∞–ø—É—Å–∫ –∫–æ–º–∞–Ω–¥—ã float_expired_posts...
Unknown command: 'float_expired_posts'
Type 'manage.py help' for usage.
(2025-10-06 16:23:13) –ö–æ–º–∞–Ω–¥–∞ float_expired_posts –∑–∞–≤–µ—Ä—à–µ–Ω–∞.
(2025-10-06 16:23:13) –ö–æ–º–∞–Ω–¥–∞ float_expired_posts –∑–∞–≤–µ—Ä—à–µ–Ω–∞.
(2025-10-06 16:24:13) –ó–∞–ø—É—Å–∫ –∫–æ–º–∞–Ω–¥—ã float_expired_posts...
(2025-10-06 16:24:13) –ó–∞–ø—É—Å–∫ –∫–æ–º–∞–Ω–¥—ã float_expired_posts...
Unknown command: 'float_expired_posts'
Type 'manage.py help' for usage.
(2025-10-06 16:24:14) –ö–æ–º–∞–Ω–¥–∞ float_expired_posts –∑–∞–≤–µ—Ä—à–µ–Ω–∞.
(2025-10-06 16:24:14) –ö–æ–º–∞–Ω–¥–∞ float_expired_posts –∑–∞–≤–µ—Ä—à–µ–Ω–∞.
(2025-10-06 16:25:14) –ó–∞–ø—É—Å–∫ –∫–æ–º–∞–Ω–¥—ã float_expired_posts...
(2025-10-06 16:25:14) –ó–∞–ø—É—Å–∫ –∫–æ–º–∞–Ω–¥—ã float_expired_posts...
Unknown command: 'float_expired_posts'
Type 'manage.py help' for usage.
(2025-10-06 16:25:15) –ö–æ–º–∞–Ω–¥–∞ float_expired_posts –∑–∞–≤–µ—Ä—à–µ–Ω–∞.
(2025-10-06 16:25:15) –ö–æ–º–∞–Ω–¥–∞ float_expired_posts –∑–∞–≤–µ—Ä—à–µ–Ω–∞.
(2025-10-06 16:26:15) –ó–∞–ø—É—Å–∫ –∫–æ–º–∞–Ω–¥—ã float_expired_posts...
(2025-10-06 16:26:15) –ó–∞–ø—É—Å–∫ –∫–æ–º–∞–Ω–¥—ã float_expired_posts...
Unknown command: 'float_expired_posts'
Type 'manage.py help' for usage.
(2025-10-06 16:26:17) –ö–æ–º–∞–Ω–¥–∞ float_expired_posts –∑–∞–≤–µ—Ä—à–µ–Ω–∞.
(2025-10-06 16:26:17) –ö–æ–º–∞–Ω–¥–∞ float_expired_posts –∑–∞–≤–µ—Ä—à–µ–Ω–∞.
(2025-10-06 16:27:17) –ó–∞–ø—É—Å–∫ –∫–æ–º–∞–Ω–¥—ã float_expired_posts...
(2025-10-06 16:27:17) –ó–∞–ø—É—Å–∫ –∫–æ–º–∞–Ω–¥—ã float_expired_posts...
Unknown command: 'float_expired_posts'
Type 'manage.py help' for usage.
(2025-10-06 16:27:18) –ö–æ–º–∞–Ω–¥–∞ float_expired_posts –∑–∞–≤–µ—Ä—à–µ–Ω–∞.
(2025-10-06 16:27:18) –ö–æ–º–∞–Ω–¥–∞ float_expired_posts –∑–∞–≤–µ—Ä—à–µ–Ω–∞.
(2025-10-06 16:28:18) –ó–∞–ø—É—Å–∫ –∫–æ–º–∞–Ω–¥—ã float_expired_posts...
(2025-10-06 16:28:18) –ó–∞–ø—É—Å–∫ –∫–æ–º–∞–Ω–¥—ã float_expired_posts...
Unknown command: 'float_expired_posts'
Type 'manage.py help' for usage.
(2025-10-06 16:28:19) –ö–æ–º–∞–Ω–¥–∞ float_expired_posts –∑–∞–≤–µ—Ä—à–µ–Ω–∞.
(2025-10-06 16:28:19) –ö–æ–º–∞–Ω–¥–∞ float_expired_posts –∑–∞–≤–µ—Ä—à–µ–Ω–∞.
(2025-10-06 16:29:20) –ó–∞–ø—É—Å–∫ –∫–æ–º–∞–Ω–¥—ã float_expired_posts...
(2025-10-06 16:29:20) –ó–∞–ø—É—Å–∫ –∫–æ–º–∞–Ω–¥—ã float_expired_posts...
Unknown command: 'float_expired_posts'
Type 'manage.py help' for usage.
(2025-10-06 16:29:21) –ö–æ–º–∞–Ω–¥–∞ float_expired_posts –∑–∞–≤–µ—Ä—à–µ–Ω–∞.
(2025-10-06 16:29:21) –ö–æ–º–∞–Ω–¥–∞ float_expired_posts –∑–∞–≤–µ—Ä—à–µ–Ω–∞.
(2025-10-06 16:30:21) –ó–∞–ø—É—Å–∫ –∫–æ–º–∞–Ω–¥—ã float_expired_posts...
(2025-10-06 16:30:21) –ó–∞–ø—É—Å–∫ –∫–æ–º–∞–Ω–¥—ã float_expired_posts...
Unknown command: 'float_expired_posts'
Type 'manage.py help' for usage.
(2025-10-06 16:30:24) –ö–æ–º–∞–Ω–¥–∞ float_expired_posts –∑–∞–≤–µ—Ä—à–µ–Ω–∞.
(2025-10-06 16:30:24) –ö–æ–º–∞–Ω–¥–∞ float_expired_posts –∑–∞–≤–µ—Ä—à–µ–Ω–∞.
(2025-10-06 16:31:24) –ó–∞–ø—É—Å–∫ –∫–æ–º–∞–Ω–¥—ã float_expired_posts...
(2025-10-06 16:31:24) –ó–∞–ø—É—Å–∫ –∫–æ–º–∞–Ω–¥—ã float_expired_posts...
Unknown command: 'float_expired_posts'
Type 'manage.py help' for usage.
(2025-10-06 16:31:25) –ö–æ–º–∞–Ω–¥–∞ float_expired_posts –∑–∞–≤–µ—Ä—à–µ–Ω–∞.
(2025-10-06 16:31:25) –ö–æ–º–∞–Ω–¥–∞ float_expired_posts –∑–∞–≤–µ—Ä—à–µ–Ω–∞.
(2025-10-06 16:32:25) –ó–∞–ø—É—Å–∫ –∫–æ–º–∞–Ω–¥—ã float_expired_posts...
(2025-10-06 16:32:25) –ó–∞–ø—É—Å–∫ –∫–æ–º–∞–Ω–¥—ã float_expired_posts...
Unknown command: 'float_expired_posts'
Type 'manage.py help' for usage.
(2025-10-06 16:32:27) –ö–æ–º–∞–Ω–¥–∞ float_expired_posts –∑–∞–≤–µ—Ä—à–µ–Ω–∞.
(2025-10-06 16:32:27) –ö–æ–º–∞–Ω–¥–∞ float_expired_posts –∑–∞–≤–µ—Ä—à–µ–Ω–∞.
(2025-10-06 16:33:27) –ó–∞–ø—É—Å–∫ –∫–æ–º–∞–Ω–¥—ã float_expired_posts...
(2025-10-06 16:33:27) –ó–∞–ø—É—Å–∫ –∫–æ–º–∞–Ω–¥—ã float_expired_posts...
Unknown command: 'float_expired_posts'
Type 'manage.py help' for usage.
(2025-10-06 16:33:29) –ö–æ–º–∞–Ω–¥–∞ float_expired_posts –∑–∞–≤–µ—Ä—à–µ–Ω–∞.
(2025-10-06 16:33:29) –ö–æ–º–∞–Ω–¥–∞ float_expired_posts –∑–∞–≤–µ—Ä—à–µ–Ω–∞.
(2025-10-06 16:44:33) –ó–∞–ø—É—Å–∫ –∫–æ–º–∞–Ω–¥—ã float_expired_posts...
(2025-10-06 16:44:33) –ó–∞–ø—É—Å–∫ –∫–æ–º–∞–Ω–¥—ã float_expired_posts...
Unknown command: 'float_expired_posts'
Type 'manage.py help' for usage.
(2025-10-06 16:44:35) –ö–æ–º–∞–Ω–¥–∞ float_expired_posts –∑–∞–≤–µ—Ä—à–µ–Ω–∞.
(2025-10-06 16:44:35) –ö–æ–º–∞–Ω–¥–∞ float_expired_posts –∑–∞–≤–µ—Ä—à–µ–Ω–∞.
(2025-10-06 16:45:35) –ó–∞–ø—É—Å–∫ –∫–æ–º–∞–Ω–¥—ã float_expired_posts...
(2025-10-06 16:45:35) –ó–∞–ø—É—Å–∫ –∫–æ–º–∞–Ω–¥—ã float_expired_posts...
Unknown command: 'float_expired_posts'
Type 'manage.py help' for usage.
(2025-10-06 16:45:38) –ö–æ–º–∞–Ω–¥–∞ float_expired_posts –∑–∞–≤–µ—Ä—à–µ–Ω–∞.
(2025-10-06 16:45:38) –ö–æ–º–∞–Ω–¥–∞ float_expired_posts –∑–∞–≤–µ—Ä—à–µ–Ω–∞.
(2025-10-06 16:46:38) –ó–∞–ø—É—Å–∫ –∫–æ–º–∞–Ω–¥—ã float_expired_posts...
(2025-10-06 16:46:38) –ó–∞–ø—É—Å–∫ –∫–æ–º–∞–Ω–¥—ã float_expired_posts...
Unknown command: 'float_expired_posts'
Type 'manage.py help' for usage.
(2025-10-06 16:46:39) –ö–æ–º–∞–Ω–¥–∞ float_expired_posts –∑–∞–≤–µ—Ä—à–µ–Ω–∞.
(2025-10-06 16:46:39) –ö–æ–º–∞–Ω–¥–∞ float_expired_posts –∑–∞–≤–µ—Ä—à–µ–Ω–∞.
(2025-10-06 16:47:39) –ó–∞–ø—É—Å–∫ –∫–æ–º–∞–Ω–¥—ã float_expired_posts...
(2025-10-06 16:47:39) –ó–∞–ø—É—Å–∫ –∫–æ–º–∞–Ω–¥—ã float_expired_posts...
Unknown command: 'float_expired_posts'
Type 'manage.py help' for usage.
(2025-10-06 16:47:41) –ö–æ–º–∞–Ω–¥–∞ float_expired_posts –∑–∞–≤–µ—Ä—à–µ–Ω–∞.
(2025-10-06 16:47:41) –ö–æ–º–∞–Ω–¥–∞ float_expired_posts –∑–∞–≤–µ—Ä—à–µ–Ω–∞.
(2025-10-06 16:48:41) –ó–∞–ø—É—Å–∫ –∫–æ–º–∞–Ω–¥—ã float_expired_posts...
(2025-10-06 16:48:41) –ó–∞–ø—É—Å–∫ –∫–æ–º–∞–Ω–¥—ã float_expired_posts...
Unknown command: 'float_expired_posts'
Type 'manage.py help' for usage.
(2025-10-06 16:48:44) –ö–æ–º–∞–Ω–¥–∞ float_expired_posts –∑–∞–≤–µ—Ä—à–µ–Ω–∞.
(2025-10-06 16:48:44) –ö–æ–º–∞–Ω–¥–∞ float_expired_posts –∑–∞–≤–µ—Ä—à–µ–Ω–∞.
(2025-10-06 16:49:44) –ó–∞–ø—É—Å–∫ –∫–æ–º–∞–Ω–¥—ã float_expired_posts...
(2025-10-06 16:49:44) –ó–∞–ø—É—Å–∫ –∫–æ–º–∞–Ω–¥—ã float_expired_posts...
Unknown command: 'float_expired_posts'
Type 'manage.py help' for usage.
(2025-10-06 16:49:46) –ö–æ–º–∞–Ω–¥–∞ float_expired_posts –∑–∞–≤–µ—Ä—à–µ–Ω–∞.
(2025-10-06 16:49:46) –ö–æ–º–∞–Ω–¥–∞ float_expired_posts –∑–∞–≤–µ—Ä—à–µ–Ω–∞.
(2025-10-06 16:50:46) –ó–∞–ø—É—Å–∫ –∫–æ–º–∞–Ω–¥—ã float_expired_posts...
(2025-10-06 16:50:46) –ó–∞–ø—É—Å–∫ –∫–æ–º–∞–Ω–¥—ã float_expired_posts...
Unknown command: 'float_expired_posts'
Type 'manage.py help' for usage.
(2025-10-06 16:50:51) –ö–æ–º–∞–Ω–¥–∞ float_expired_posts –∑–∞–≤–µ—Ä—à–µ–Ω–∞.
(2025-10-06 16:50:51) –ö–æ–º–∞–Ω–¥–∞ float_expired_posts –∑–∞–≤–µ—Ä—à–µ–Ω–∞.
(2025-10-06 16:51:51) –ó–∞–ø—É—Å–∫ –∫–æ–º–∞–Ω–¥—ã float_expired_posts...
(2025-10-06 16:51:51) –ó–∞–ø—É—Å–∫ –∫–æ–º–∞–Ω–¥—ã float_expired_posts...
Unknown command: 'float_expired_posts'
Type 'manage.py help' for usage.
(2025-10-06 16:51:53) –ö–æ–º–∞–Ω–¥–∞ float_expired_posts –∑–∞–≤–µ—Ä—à–µ–Ω–∞.
(2025-10-06 16:51:53) –ö–æ–º–∞–Ω–¥–∞ float_expired_posts –∑–∞–≤–µ—Ä—à–µ–Ω–∞.
(2025-10-06 16:52:53) –ó–∞–ø—É—Å–∫ –∫–æ–º–∞–Ω–¥—ã float_expired_posts...
(2025-10-06 16:52:53) –ó–∞–ø—É—Å–∫ –∫–æ–º–∞–Ω–¥—ã float_expired_posts...
Unknown command: 'float_expired_posts'
Type 'manage.py help' for usage.
(2025-10-06 16:52:54) –ö–æ–º–∞–Ω–¥–∞ float_expired_posts –∑–∞–≤–µ—Ä—à–µ–Ω–∞.
(2025-10-06 16:52:54) –ö–æ–º–∞–Ω–¥–∞ float_expired_posts –∑–∞–≤–µ—Ä—à–µ–Ω–∞.
(2025-10-06 16:53:55) –ó–∞–ø—É—Å–∫ –∫–æ–º–∞–Ω–¥—ã float_expired_posts...
(2025-10-06 16:53:55) –ó–∞–ø—É—Å–∫ –∫–æ–º–∞–Ω–¥—ã float_expired_posts...
Unknown command: 'float_expired_posts'
Type 'manage.py help' for usage.
(2025-10-06 16:53:56) –ö–æ–º–∞–Ω–¥–∞ float_expired_posts –∑–∞–≤–µ—Ä—à–µ–Ω–∞.
(2025-10-06 16:53:56) –ö–æ–º–∞–Ω–¥–∞ float_expired_posts –∑–∞–≤–µ—Ä—à–µ–Ω–∞.
(2025-10-06 16:54:56) –ó–∞–ø—É—Å–∫ –∫–æ–º–∞–Ω–¥—ã float_expired_posts...
(2025-10-06 16:54:56) –ó–∞–ø—É—Å–∫ –∫–æ–º–∞–Ω–¥—ã float_expired_posts...
Unknown command: 'float_expired_posts'
Type 'manage.py help' for usage.
(2025-10-06 16:54:57) –ö–æ–º–∞–Ω–¥–∞ float_expired_posts –∑–∞–≤–µ—Ä—à–µ–Ω–∞.
(2025-10-06 16:54:57) –ö–æ–º–∞–Ω–¥–∞ float_expired_posts –∑–∞–≤–µ—Ä—à–µ–Ω–∞.
(2025-10-06 16:55:57) –ó–∞–ø—É—Å–∫ –∫–æ–º–∞–Ω–¥—ã float_expired_posts...
(2025-10-06 16:55:57) –ó–∞–ø—É—Å–∫ –∫–æ–º–∞–Ω–¥—ã float_expired_posts...
Unknown command: 'float_expired_posts'
Type 'manage.py help' for usage.
(2025-10-06 16:55:59) –ö–æ–º–∞–Ω–¥–∞ float_expired_posts –∑–∞–≤–µ—Ä—à–µ–Ω–∞.
(2025-10-06 16:55:59) –ö–æ–º–∞–Ω–¥–∞ float_expired_posts –∑–∞–≤–µ—Ä—à–µ–Ω–∞.
(2025-10-06 16:56:59) –ó–∞–ø—É—Å–∫ –∫–æ–º–∞–Ω–¥—ã float_expired_posts...
(2025-10-06 16:56:59) –ó–∞–ø—É—Å–∫ –∫–æ–º–∞–Ω–¥—ã float_expired_posts...
Unknown command: 'float_expired_posts'
Type 'manage.py help' for usage.
(2025-10-06 16:57:00) –ö–æ–º–∞–Ω–¥–∞ float_expired_posts –∑–∞–≤–µ—Ä—à–µ–Ω–∞.
(2025-10-06 16:57:00) –ö–æ–º–∞–Ω–¥–∞ float_expired_posts –∑–∞–≤–µ—Ä—à–µ–Ω–∞.
(2025-10-06 16:58:00) –ó–∞–ø—É—Å–∫ –∫–æ–º–∞–Ω–¥—ã float_expired_posts...
(2025-10-06 16:58:00) –ó–∞–ø—É—Å–∫ –∫–æ–º–∞–Ω–¥—ã float_expired_posts...
Unknown command: 'float_expired_posts'
Type 'manage.py help' for usage.
(2025-10-06 16:58:01) –ö–æ–º–∞–Ω–¥–∞ float_expired_posts –∑–∞–≤–µ—Ä—à–µ–Ω–∞.
(2025-10-06 16:58:01) –ö–æ–º–∞–Ω–¥–∞ float_expired_posts –∑–∞–≤–µ—Ä—à–µ–Ω–∞.
(2025-10-06 16:59:01) –ó–∞–ø—É—Å–∫ –∫–æ–º–∞–Ω–¥—ã float_expired_posts...
(2025-10-06 16:59:01) –ó–∞–ø—É—Å–∫ –∫–æ–º–∞–Ω–¥—ã float_expired_posts...
Unknown command: 'float_expired_posts'
Type 'manage.py help' for usage.
(2025-10-06 16:59:03) –ö–æ–º–∞–Ω–¥–∞ float_expired_posts –∑–∞–≤–µ—Ä—à–µ–Ω–∞.
(2025-10-06 16:59:03) –ö–æ–º–∞–Ω–¥–∞ float_expired_posts –∑–∞–≤–µ—Ä—à–µ–Ω–∞.
(2025-10-06 17:00:03) –ó–∞–ø—É—Å–∫ –∫–æ–º–∞–Ω–¥—ã float_expired_posts...
(2025-10-06 17:00:03) –ó–∞–ø—É—Å–∫ –∫–æ–º–∞–Ω–¥—ã float_expired_posts...
Unknown command: 'float_expired_posts'
Type 'manage.py help' for usage.
(2025-10-06 17:00:04) –ö–æ–º–∞–Ω–¥–∞ float_expired_posts –∑–∞–≤–µ—Ä—à–µ–Ω–∞.
(2025-10-06 17:00:04) –ö–æ–º–∞–Ω–¥–∞ float_expired_posts –∑–∞–≤–µ—Ä—à–µ–Ω–∞.
(2025-10-06 17:01:04) –ó–∞–ø—É—Å–∫ –∫–æ–º–∞–Ω–¥—ã float_expired_posts...
Unknown command: 'float_expired_posts'
Type 'manage.py help' for usage.
nknown command: 'float_expired_posts'
Type 'manage.py help' for usage.
(2025-10-06 17:01:06) –ö–æ–º–∞–Ω–¥–∞ float_expired_posts –∑–∞–≤–µ—Ä—à–µ–Ω–∞.
(2025-10-06 17:01:06) –ö–æ–º–∞–Ω–¥–∞ float_expired_posts –∑–∞–≤–µ—Ä—à–µ–Ω–∞.
(2025-10-06 17:02:07) –ó–∞–ø—É—Å–∫ –∫–æ–º–∞–Ω–¥—ã float_expired_posts...
(2025-10-06 17:02:07) –ó–∞–ø—É—Å–∫ –∫–æ–º–∞–Ω–¥—ã float_expired_posts...
Unknown command: 'float_expired_posts'
Type 'manage.py help' for usage.
(2025-10-06 17:02:08) –ö–æ–º–∞–Ω–¥–∞ float_expired_posts –∑–∞–≤–µ—Ä—à–µ–Ω–∞.
(2025-10-06 17:02:08) –ö–æ–º–∞–Ω–¥–∞ float_expired_posts –∑–∞–≤–µ—Ä—à–µ–Ω–∞.
(2025-10-06 17:03:08) –ó–∞–ø—É—Å–∫ –∫–æ–º–∞–Ω–¥—ã float_expired_posts...
(2025-10-06 17:03:08) –ó–∞–ø—É—Å–∫ –∫–æ–º–∞–Ω–¥—ã float_expired_posts...
Unknown command: 'float_expired_posts'
Type 'manage.py help' for usage.
(2025-10-06 17:03:10) –ö–æ–º–∞–Ω–¥–∞ float_expired_posts –∑–∞–≤–µ—Ä—à–µ–Ω–∞.
(2025-10-06 17:03:10) –ö–æ–º–∞–Ω–¥–∞ float_expired_posts –∑–∞–≤–µ—Ä—à–µ–Ω–∞.
(2025-10-06 17:04:10) –ó–∞–ø—É—Å–∫ –∫–æ–º–∞–Ω–¥—ã float_expired_posts...
(2025-10-06 17:04:10) –ó–∞–ø—É—Å–∫ –∫–æ–º–∞–Ω–¥—ã float_expired_posts...
Unknown command: 'float_expired_posts'
Type 'manage.py help' for usage.
(2025-10-06 17:04:11) –ö–æ–º–∞–Ω–¥–∞ float_expired_posts –∑–∞–≤–µ—Ä—à–µ–Ω–∞.
(2025-10-06 17:04:11) –ö–æ–º–∞–Ω–¥–∞ float_expired_posts –∑–∞–≤–µ—Ä—à–µ–Ω–∞.
(2025-10-06 17:05:12) –ó–∞–ø—É—Å–∫ –∫–æ–º–∞–Ω–¥—ã float_expired_posts...
(2025-10-06 17:05:12) –ó–∞–ø—É—Å–∫ –∫–æ–º–∞–Ω–¥—ã float_expired_posts...
Unknown command: 'float_expired_posts'
Type 'manage.py help' for usage.
(2025-10-06 17:05:13) –ö–æ–º–∞–Ω–¥–∞ float_expired_posts –∑–∞–≤–µ—Ä—à–µ–Ω–∞.
(2025-10-06 17:05:13) –ö–æ–º–∞–Ω–¥–∞ float_expired_posts –∑–∞–≤–µ—Ä—à–µ–Ω–∞.
(2025-10-06 17:06:13) –ó–∞–ø—É—Å–∫ –∫–æ–º–∞–Ω–¥—ã float_expired_posts...
(2025-10-06 17:06:13) –ó–∞–ø—É—Å–∫ –∫–æ–º–∞–Ω–¥—ã float_expired_posts...
Unknown command: 'float_expired_posts'
Type 'manage.py help' for usage.
(2025-10-06 17:06:14) –ö–æ–º–∞–Ω–¥–∞ float_expired_posts –∑–∞–≤–µ—Ä—à–µ–Ω–∞.
(2025-10-06 17:06:14) –ö–æ–º–∞–Ω–¥–∞ float_expired_posts –∑–∞–≤–µ—Ä—à–µ–Ω–∞.
(2025-10-06 17:07:14) –ó–∞–ø—É—Å–∫ –∫–æ–º–∞–Ω–¥—ã float_expired_posts...
(2025-10-06 17:07:14) –ó–∞–ø—É—Å–∫ –∫–æ–º–∞–Ω–¥—ã float_expired_posts...
Unknown command: 'float_expired_posts'
Type 'manage.py help' for usage.
(2025-10-06 17:07:17) –ö–æ–º–∞–Ω–¥–∞ float_expired_posts –∑–∞–≤–µ—Ä—à–µ–Ω–∞.
(2025-10-06 17:07:17) –ö–æ–º–∞–Ω–¥–∞ float_expired_posts –∑–∞–≤–µ—Ä—à–µ–Ω–∞.
(2025-10-06 17:08:03) –ó–∞–ø—É—Å–∫ –∫–æ–º–∞–Ω–¥—ã float_expired_posts...
Unknown command: 'float_expired_posts'
Type 'manage.py help' for usage.
(2025-10-06 17:08:05) –ö–æ–º–∞–Ω–¥–∞ float_expired_posts –∑–∞–≤–µ—Ä—à–µ–Ω–∞.
(2025-10-06 17:08:06) –ó–∞–ø—É—Å–∫ –∫–æ–º–∞–Ω–¥—ã float_expired_posts...
Unknown command: 'float_expired_posts'
Type 'manage.py help' for usage.
(2025-10-06 17:08:07) –ö–æ–º–∞–Ω–¥–∞ float_expired_posts –∑–∞–≤–µ—Ä—à–µ–Ω–∞.
(2025-10-06 17:08:17) –ó–∞–ø—É—Å–∫ –∫–æ–º–∞–Ω–¥—ã float_expired_posts...
Unknown command: 'float_expired_posts'
Type 'manage.py help' for usage.
(2025-10-06 17:08:19) –ö–æ–º–∞–Ω–¥–∞ float_expired_posts –∑–∞–≤–µ—Ä—à–µ–Ω–∞.
(2025-10-06 17:09:05) –ó–∞–ø—É—Å–∫ –∫–æ–º–∞–Ω–¥—ã float_expired_posts...
Unknown command: 'float_expired_posts'
Type 'manage.py help' for usage.
(2025-10-06 17:09:07) –ö–æ–º–∞–Ω–¥–∞ float_expired_posts –∑–∞–≤–µ—Ä—à–µ–Ω–∞.
(2025-10-06 17:09:07) –ó–∞–ø—É—Å–∫ –∫–æ–º–∞–Ω–¥—ã float_expired_posts...
Unknown command: 'float_expired_posts'
Type 'manage.py help' for usage.
(2025-10-06 17:09:09) –ö–æ–º–∞–Ω–¥–∞ float_expired_posts –∑–∞–≤–µ—Ä—à–µ–Ω–∞.
(2025-10-06 17:09:19) –ó–∞–ø—É—Å–∫ –∫–æ–º–∞–Ω–¥—ã float_expired_posts...
Unknown command: 'float_expired_posts'
Type 'manage.py help' for usage.
(2025-10-06 17:09:20) –ö–æ–º–∞–Ω–¥–∞ float_expired_posts –∑–∞–≤–µ—Ä—à–µ–Ω–∞.
(2025-10-06 17:10:07) –ó–∞–ø—É—Å–∫ –∫–æ–º–∞–Ω–¥—ã float_expired_posts...
Unknown command: 'float_expired_posts'
Type 'manage.py help' for usage.
(2025-10-06 17:10:09) –ó–∞–ø—É—Å–∫ –∫–æ–º–∞–Ω–¥—ã float_expired_posts...
Unknown command: 'float_expired_posts'
Type 'manage.py help' for usage.
∞.
(2025-10-06 17:10:10) –ö–æ–º–∞–Ω–¥–∞ float_expired_posts –∑–∞–≤–µ—Ä—à–µ–Ω–∞.
(2025-10-06 17:10:20) –ó–∞–ø—É—Å–∫ –∫–æ–º–∞–Ω–¥—ã float_expired_posts...
Unknown command: 'float_expired_posts'
Type 'manage.py help' for usage.
(2025-10-06 17:10:21) –ö–æ–º–∞–Ω–¥–∞ float_expired_posts –∑–∞–≤–µ—Ä—à–µ–Ω–∞.
(2025-10-06 17:11:09) –ó–∞–ø—É—Å–∫ –∫–æ–º–∞–Ω–¥—ã float_expired_posts...
Unknown command: 'float_expired_posts'
Type 'manage.py help' for usage.Unknown command: 'float_expired_posts'
Type 'manage.py help' for usage.
–∞.
(2025-10-06 17:11:13) –ö–æ–º–∞–Ω–¥–∞ float_expired_posts –∑–∞–≤–µ—Ä—à–µ–Ω–∞.
(2025-10-06 17:11:21) –ó–∞–ø—É—Å–∫ –∫–æ–º–∞–Ω–¥—ã float_expired_posts...
Unknown command: 'float_expired_posts'
Type 'manage.py help' for usage.
(2025-10-06 17:11:23) –ö–æ–º–∞–Ω–¥–∞ float_expired_posts –∑–∞–≤–µ—Ä—à–µ–Ω–∞.
(2025-10-06 17:12:11) –ó–∞–ø—É—Å–∫ –∫–æ–º–∞–Ω–¥—ã float_expired_posts...
Unknown command: 'float_expired_posts'
Type 'manage.py help' for usage.
(2025-10-06 17:12:13) –ó–∞–ø—É—Å–∫ –∫–æ–º–∞–Ω–¥—ã float_expired_posts...
Unknown command: 'float_expired_posts'
Type 'manage.py help' for usage.
∞.
(2025-10-06 17:12:14) –ö–æ–º–∞–Ω–¥–∞ float_expired_posts –∑–∞–≤–µ—Ä—à–µ–Ω–∞.
(2025-10-06 17:12:23) –ó–∞–ø—É—Å–∫ –∫–æ–º–∞–Ω–¥—ã float_expired_posts...
Unknown command: 'float_expired_posts'
Type 'manage.py help' for usage.
(2025-10-06 17:12:24) –ö–æ–º–∞–Ω–¥–∞ float_expired_posts –∑–∞–≤–µ—Ä—à–µ–Ω–∞.
(2025-10-06 17:13:13) –ó–∞–ø—É—Å–∫ –∫–æ–º–∞–Ω–¥—ã float_expired_posts...
Unknown command: 'float_expired_posts'
Type 'manage.py help' for usage.
(2025-10-06 17:13:14) –ó–∞–ø—É—Å–∫ –∫–æ–º–∞–Ω–¥—ã float_expired_posts...
Unknown command: 'float_expired_posts'
Type 'manage.py help' for usage.
∞.
(2025-10-06 17:13:15) –ö–æ–º–∞–Ω–¥–∞ float_expired_posts –∑–∞–≤–µ—Ä—à–µ–Ω–∞.
(2025-10-06 17:13:24) –ó–∞–ø—É—Å–∫ –∫–æ–º–∞–Ω–¥—ã float_expired_posts...
Unknown command: 'float_expired_posts'
Type 'manage.py help' for usage.
(2025-10-06 17:13:25) –ö–æ–º–∞–Ω–¥–∞ float_expired_posts –∑–∞–≤–µ—Ä—à–µ–Ω–∞.
(2025-10-06 17:14:14) –ó–∞–ø—É—Å–∫ –∫–æ–º–∞–Ω–¥—ã float_expired_posts...
Unknown command: 'float_expired_posts'
Type 'manage.py help' for usage.Unknown command: 'float_expired_posts'
Type 'manage.py help' for usage.
–∞.
(2025-10-06 17:14:17) –ö–æ–º–∞–Ω–¥–∞ float_expired_posts –∑–∞–≤–µ—Ä—à–µ–Ω–∞.
(2025-10-06 17:14:26) –ó–∞–ø—É—Å–∫ –∫–æ–º–∞–Ω–¥—ã float_expired_posts...
Unknown command: 'float_expired_posts'
Type 'manage.py help' for usage.
(2025-10-06 17:14:27) –ö–æ–º–∞–Ω–¥–∞ float_expired_posts –∑–∞–≤–µ—Ä—à–µ–Ω–∞.
(2025-10-06 17:15:16) –ó–∞–ø—É—Å–∫ –∫–æ–º–∞–Ω–¥—ã float_expired_posts...
Unknown command: 'float_expired_posts'
Type 'manage.py help' for usage.Unknown command: 'float_expired_posts'
Type 'manage.py help' for usage.
–∞.
(2025-10-06 17:15:19) –ö–æ–º–∞–Ω–¥–∞ float_expired_posts –∑–∞–≤–µ—Ä—à–µ–Ω–∞.
(2025-10-06 17:15:27) –ó–∞–ø—É—Å–∫ –∫–æ–º–∞–Ω–¥—ã float_expired_posts...
Unknown command: 'float_expired_posts'
Type 'manage.py help' for usage.
(2025-10-06 17:15:29) –ö–æ–º–∞–Ω–¥–∞ float_expired_posts –∑–∞–≤–µ—Ä—à–µ–Ω–∞.
(2025-10-06 17:16:18) –ó–∞–ø—É—Å–∫ –∫–æ–º–∞–Ω–¥—ã float_expired_posts...
Unknown command: 'float_expired_posts'
Type 'manage.py help' for usage.Unknown command: 'float_expired_posts'
Type 'manage.py help' for usage.
–∞.
(2025-10-06 17:16:20) –ö–æ–º–∞–Ω–¥–∞ float_expired_posts –∑–∞–≤–µ—Ä—à–µ–Ω–∞.
(2025-10-06 17:16:29) –ó–∞–ø—É—Å–∫ –∫–æ–º–∞–Ω–¥—ã float_expired_posts...
Unknown command: 'float_expired_posts'
Type 'manage.py help' for usage.
(2025-10-06 17:16:30) –ö–æ–º–∞–Ω–¥–∞ float_expired_posts –∑–∞–≤–µ—Ä—à–µ–Ω–∞.
(2025-10-06 17:17:20) –ó–∞–ø—É—Å–∫ –∫–æ–º–∞–Ω–¥—ã float_expired_posts...
Unknown command: 'float_expired_posts'
Type 'manage.py help' for usage.Unknown command: 'float_expired_posts'
Type 'manage.py help' for usage.
(2025-10-06 17:17:22) –ö–æ–º–∞–Ω–¥–∞ float_expired_posts –∑–∞–≤–µ—Ä—à–µ–Ω–∞.
(2025-10-06 17:17:23) –ö–æ–º–∞–Ω–¥–∞ float_expired_posts –∑–∞–≤–µ—Ä—à–µ–Ω–∞.
(2025-10-06 17:17:31) –ó–∞–ø—É—Å–∫ –∫–æ–º–∞–Ω–¥—ã float_expired_posts...
Unknown command: 'float_expired_posts'
Type 'manage.py help' for usage.
(2025-10-06 17:17:33) –ö–æ–º–∞–Ω–¥–∞ float_expired_posts –∑–∞–≤–µ—Ä—à–µ–Ω–∞.
(2025-10-06 17:18:23) –ó–∞–ø—É—Å–∫ –∫–æ–º–∞–Ω–¥—ã float_expired_posts...
Unknown command: 'float_expired_posts'
Type 'manage.py help' for usage.
nknown command: 'float_expired_posts'
Type 'manage.py help' for usage.
(2025-10-06 17:18:24) –ö–æ–º–∞–Ω–¥–∞ float_expired_posts –∑–∞–≤–µ—Ä—à–µ–Ω–∞.
(2025-10-06 17:18:24) –ö–æ–º–∞–Ω–¥–∞ float_expired_posts –∑–∞–≤–µ—Ä—à–µ–Ω–∞.
(2025-10-06 17:18:33) –ó–∞–ø—É—Å–∫ –∫–æ–º–∞–Ω–¥—ã float_expired_posts...
Unknown command: 'float_expired_posts'
Type 'manage.py help' for usage.
(2025-10-06 17:18:34) –ö–æ–º–∞–Ω–¥–∞ float_expired_posts –∑–∞–≤–µ—Ä—à–µ–Ω–∞.
(2025-10-06 17:19:24) –ó–∞–ø—É—Å–∫ –∫–æ–º–∞–Ω–¥—ã float_expired_posts...
(2025-10-06 17:19:24) –ó–∞–ø—É—Å–∫ –∫–æ–º–∞–Ω–¥—ã float_expired_posts...
Unknown command: 'float_expired_posts'
Type 'manage.py help' for usage.
(2025-10-06 17:19:27) –ö–æ–º–∞–Ω–¥–∞ float_expired_posts –∑–∞–≤–µ—Ä—à–µ–Ω–∞.
(2025-10-06 17:19:27) –ö–æ–º–∞–Ω–¥–∞ float_expired_posts –∑–∞–≤–µ—Ä—à–µ–Ω–∞.
(2025-10-06 17:19:34) –ó–∞–ø—É—Å–∫ –∫–æ–º–∞–Ω–¥—ã float_expired_posts...
Unknown command: 'float_expired_posts'
Type 'manage.py help' for usage.
(2025-10-06 17:19:36) –ö–æ–º–∞–Ω–¥–∞ float_expired_posts –∑–∞–≤–µ—Ä—à–µ–Ω–∞.
(2025-10-06 17:20:27) –ó–∞–ø—É—Å–∫ –∫–æ–º–∞–Ω–¥—ã float_expired_posts...
(2025-10-06 17:20:27) –ó–∞–ø—É—Å–∫ –∫–æ–º–∞–Ω–¥—ã float_expired_posts...
Unknown command: 'float_expired_posts'
Type 'manage.py help' for usage.
(2025-10-06 17:20:29) –ö–æ–º–∞–Ω–¥–∞ float_expired_posts –∑–∞–≤–µ—Ä—à–µ–Ω–∞.
(2025-10-06 17:20:29) –ö–æ–º–∞–Ω–¥–∞ float_expired_posts –∑–∞–≤–µ—Ä—à–µ–Ω–∞.
(2025-10-06 17:20:36) –ó–∞–ø—É—Å–∫ –∫–æ–º–∞–Ω–¥—ã float_expired_posts...
Unknown command: 'float_expired_posts'
Type 'manage.py help' for usage.
(2025-10-06 17:20:38) –ö–æ–º–∞–Ω–¥–∞ float_expired_posts –∑–∞–≤–µ—Ä—à–µ–Ω–∞.
(2025-10-06 17:21:29) –ó–∞–ø—É—Å–∫ –∫–æ–º–∞–Ω–¥—ã float_expired_posts...
(2025-10-06 17:21:29) –ó–∞–ø—É—Å–∫ –∫–æ–º–∞–Ω–¥—ã float_expired_posts...
Unknown command: 'float_expired_posts'
Type 'manage.py help' for usage.
(2025-10-06 17:21:31) –ö–æ–º–∞–Ω–¥–∞ float_expired_posts –∑–∞–≤–µ—Ä—à–µ–Ω–∞.
(2025-10-06 17:21:31) –ö–æ–º–∞–Ω–¥–∞ float_expired_posts –∑–∞–≤–µ—Ä—à–µ–Ω–∞.
(2025-10-06 17:21:38) –ó–∞–ø—É—Å–∫ –∫–æ–º–∞–Ω–¥—ã float_expired_posts...
Unknown command: 'float_expired_posts'
Type 'manage.py help' for usage.
(2025-10-06 17:21:39) –ö–æ–º–∞–Ω–¥–∞ float_expired_posts –∑–∞–≤–µ—Ä—à–µ–Ω–∞.
(2025-10-06 17:22:31) –ó–∞–ø—É—Å–∫ –∫–æ–º–∞–Ω–¥—ã float_expired_posts...
(2025-10-06 17:22:31) –ó–∞–ø—É—Å–∫ –∫–æ–º–∞–Ω–¥—ã float_expired_posts...
Unknown command: 'float_expired_posts'
Type 'manage.py help' for usage.
(2025-10-06 17:22:33) –ö–æ–º–∞–Ω–¥–∞ float_expired_posts –∑–∞–≤–µ—Ä—à–µ–Ω–∞.
(2025-10-06 17:22:33) –ö–æ–º–∞–Ω–¥–∞ float_expired_posts –∑–∞–≤–µ—Ä—à–µ–Ω–∞.
(2025-10-06 17:22:39) –ó–∞–ø—É—Å–∫ –∫–æ–º–∞–Ω–¥—ã float_expired_posts...
Unknown command: 'float_expired_posts'
Type 'manage.py help' for usage.
(2025-10-06 17:22:40) –ö–æ–º–∞–Ω–¥–∞ float_expired_posts –∑–∞–≤–µ—Ä—à–µ–Ω–∞.
(2025-10-06 17:23:33) –ó–∞–ø—É—Å–∫ –∫–æ–º–∞–Ω–¥—ã float_expired_posts...
(2025-10-06 17:23:33) –ó–∞–ø—É—Å–∫ –∫–æ–º–∞–Ω–¥—ã float_expired_posts...
Unknown command: 'float_expired_posts'
Type 'manage.py help' for usage.
(2025-10-06 17:23:34) –ö–æ–º–∞–Ω–¥–∞ float_expired_posts –∑–∞–≤–µ—Ä—à–µ–Ω–∞.
(2025-10-06 17:23:34) –ö–æ–º–∞–Ω–¥–∞ float_expired_posts –∑–∞–≤–µ—Ä—à–µ–Ω–∞.
(2025-10-06 17:23:41) –ó–∞–ø—É—Å–∫ –∫–æ–º–∞–Ω–¥—ã float_expired_posts...
Unknown command: 'float_expired_posts'
Type 'manage.py help' for usage.
(2025-10-06 17:23:42) –ö–æ–º–∞–Ω–¥–∞ float_expired_posts –∑–∞–≤–µ—Ä—à–µ–Ω–∞.
(2025-10-06 17:24:34) –ó–∞–ø—É—Å–∫ –∫–æ–º–∞–Ω–¥—ã float_expired_posts...
(2025-10-06 17:24:34) –ó–∞–ø—É—Å–∫ –∫–æ–º–∞–Ω–¥—ã float_expired_posts...
Unknown command: 'float_expired_posts'
Type 'manage.py help' for usage.
(2025-10-06 17:24:36) –ö–æ–º–∞–Ω–¥–∞ float_expired_posts –∑–∞–≤–µ—Ä—à–µ–Ω–∞.
(2025-10-06 17:24:36) –ö–æ–º–∞–Ω–¥–∞ float_expired_posts –∑–∞–≤–µ—Ä—à–µ–Ω–∞.
(2025-10-06 17:24:42) –ó–∞–ø—É—Å–∫ –∫–æ–º–∞–Ω–¥—ã float_expired_posts...
Unknown command: 'float_expired_posts'
Type 'manage.py help' for usage.
(2025-10-06 17:24:44) –ö–æ–º–∞–Ω–¥–∞ float_expired_posts –∑–∞–≤–µ—Ä—à–µ–Ω–∞.
(2025-10-06 17:25:36) –ó–∞–ø—É—Å–∫ –∫–æ–º–∞–Ω–¥—ã float_expired_posts...
(2025-10-06 17:25:36) –ó–∞–ø—É—Å–∫ –∫–æ–º–∞–Ω–¥—ã float_expired_posts...
Unknown command: 'float_expired_posts'
Type 'manage.py help' for usage.
(2025-10-06 17:25:38) –ö–æ–º–∞–Ω–¥–∞ float_expired_posts –∑–∞–≤–µ—Ä—à–µ–Ω–∞.
(2025-10-06 17:25:38) –ö–æ–º–∞–Ω–¥–∞ float_expired_posts –∑–∞–≤–µ—Ä—à–µ–Ω–∞.
(2025-10-06 17:25:44) –ó–∞–ø—É—Å–∫ –∫–æ–º–∞–Ω–¥—ã float_expired_posts...
Unknown command: 'float_expired_posts'
Type 'manage.py help' for usage.
(2025-10-06 17:25:46) –ö–æ–º–∞–Ω–¥–∞ float_expired_posts –∑–∞–≤–µ—Ä—à–µ–Ω–∞.
(2025-10-06 17:26:38) –ó–∞–ø—É—Å–∫ –∫–æ–º–∞–Ω–¥—ã float_expired_posts...
(2025-10-06 17:26:38) –ó–∞–ø—É—Å–∫ –∫–æ–º–∞–Ω–¥—ã float_expired_posts...
Unknown command: 'float_expired_posts'
Type 'manage.py help' for usage.
(2025-10-06 17:26:40) –ö–æ–º–∞–Ω–¥–∞ float_expired_posts –∑–∞–≤–µ—Ä—à–µ–Ω–∞.
(2025-10-06 17:26:40) –ö–æ–º–∞–Ω–¥–∞ float_expired_posts –∑–∞–≤–µ—Ä—à–µ–Ω–∞.
(2025-10-06 17:26:46) –ó–∞–ø—É—Å–∫ –∫–æ–º–∞–Ω–¥—ã float_expired_posts...
Unknown command: 'float_expired_posts'
Type 'manage.py help' for usage.
(2025-10-06 17:26:47) –ö–æ–º–∞–Ω–¥–∞ float_expired_posts –∑–∞–≤–µ—Ä—à–µ–Ω–∞.
(2025-10-06 17:27:40) –ó–∞–ø—É—Å–∫ –∫–æ–º–∞–Ω–¥—ã float_expired_posts...
(2025-10-06 17:27:40) –ó–∞–ø—É—Å–∫ –∫–æ–º–∞–Ω–¥—ã float_expired_posts...
Unknown command: 'float_expired_posts'
Type 'manage.py help' for usage.
(2025-10-06 17:27:43) –ö–æ–º–∞–Ω–¥–∞ float_expired_posts –∑–∞–≤–µ—Ä—à–µ–Ω–∞.
(2025-10-06 17:27:43) –ö–æ–º–∞–Ω–¥–∞ float_expired_posts –∑–∞–≤–µ—Ä—à–µ–Ω–∞.
(2025-10-06 17:27:47) –ó–∞–ø—É—Å–∫ –∫–æ–º–∞–Ω–¥—ã float_expired_posts...
Unknown command: 'float_expired_posts'
Type 'manage.py help' for usage.
(2025-10-06 17:27:50) –ö–æ–º–∞–Ω–¥–∞ float_expired_posts –∑–∞–≤–µ—Ä—à–µ–Ω–∞.
(2025-10-06 17:28:43) –ó–∞–ø—É—Å–∫ –∫–æ–º–∞–Ω–¥—ã float_expired_posts...
Unknown command: 'float_expired_posts'
Type 'manage.py help' for usage.Unknown command: 'float_expired_posts'
Type 'manage.py help' for usage.
(2025-10-06 17:28:45) –ö–æ–º–∞–Ω–¥–∞ float_expired_posts –∑–∞–≤–µ—Ä—à–µ–Ω–∞.
(2025-10-06 17:28:45) –ö–æ–º–∞–Ω–¥–∞ float_expired_posts –∑–∞–≤–µ—Ä—à–µ–Ω–∞.
(2025-10-06 17:28:50) –ó–∞–ø—É—Å–∫ –∫–æ–º–∞–Ω–¥—ã float_expired_posts...
Unknown command: 'float_expired_posts'
Type 'manage.py help' for usage.
(2025-10-06 17:28:52) –ö–æ–º–∞–Ω–¥–∞ float_expired_posts –∑–∞–≤–µ—Ä—à–µ–Ω–∞.
(2025-10-06 17:29:45) –ó–∞–ø—É—Å–∫ –∫–æ–º–∞–Ω–¥—ã float_expired_posts...
(2025-10-06 17:29:45) –ó–∞–ø—É—Å–∫ –∫–æ–º–∞–Ω–¥—ã float_expired_posts...
Unknown command: 'float_expired_posts'
Type 'manage.py help' for usage.
(2025-10-06 17:29:47) –ö–æ–º–∞–Ω–¥–∞ float_expired_posts –∑–∞–≤–µ—Ä—à–µ–Ω–∞.
(2025-10-06 17:29:47) –ö–æ–º–∞–Ω–¥–∞ float_expired_posts –∑–∞–≤–µ—Ä—à–µ–Ω–∞.
(2025-10-06 17:29:52) –ó–∞–ø—É—Å–∫ –∫–æ–º–∞–Ω–¥—ã float_expired_posts...
Unknown command: 'float_expired_posts'
Type 'manage.py help' for usage.
(2025-10-06 17:29:53) –ö–æ–º–∞–Ω–¥–∞ float_expired_posts –∑–∞–≤–µ—Ä—à–µ–Ω–∞.
(2025-10-06 17:30:47) –ó–∞–ø—É—Å–∫ –∫–æ–º–∞–Ω–¥—ã float_expired_posts...
(2025-10-06 17:30:47) –ó–∞–ø—É—Å–∫ –∫–æ–º–∞–Ω–¥—ã float_expired_posts...
Unknown command: 'float_expired_posts'
Type 'manage.py help' for usage.
(2025-10-06 17:30:49) –ö–æ–º–∞–Ω–¥–∞ float_expired_posts –∑–∞–≤–µ—Ä—à–µ–Ω–∞.
(2025-10-06 17:30:49) –ö–æ–º–∞–Ω–¥–∞ float_expired_posts –∑–∞–≤–µ—Ä—à–µ–Ω–∞.
(2025-10-06 17:30:53) –ó–∞–ø—É—Å–∫ –∫–æ–º–∞–Ω–¥—ã float_expired_posts...
Unknown command: 'float_expired_posts'
Type 'manage.py help' for usage.
(2025-10-06 17:30:54) –ö–æ–º–∞–Ω–¥–∞ float_expired_posts –∑–∞–≤–µ—Ä—à–µ–Ω–∞.
(2025-10-06 17:31:49) –ó–∞–ø—É—Å–∫ –∫–æ–º–∞–Ω–¥—ã float_expired_posts...
Unknown command: 'float_expired_posts'
Type 'manage.py help' for usage.Unknown command: 'float_expired_posts'
Type 'manage.py help' for usage.
(2025-10-06 17:31:51) –ö–æ–º–∞–Ω–¥–∞ float_expired_posts –∑–∞–≤–µ—Ä—à–µ–Ω–∞.
(2025-10-06 17:31:51) –ö–æ–º–∞–Ω–¥–∞ float_expired_posts –∑–∞–≤–µ—Ä—à–µ–Ω–∞.
(2025-10-06 17:31:54) –ó–∞–ø—É—Å–∫ –∫–æ–º–∞–Ω–¥—ã float_expired_posts...
Unknown command: 'float_expired_posts'
Type 'manage.py help' for usage.
(2025-10-06 17:31:56) –ö–æ–º–∞–Ω–¥–∞ float_expired_posts –∑–∞–≤–µ—Ä—à–µ–Ω–∞.
(2025-10-06 17:32:51) –ó–∞–ø—É—Å–∫ –∫–æ–º–∞–Ω–¥—ã float_expired_posts...
Unknown command: 'float_expired_posts'
Type 'manage.py help' for usage.Unknown command: 'float_expired_posts'
Type 'manage.py help' for usage.
(2025-10-06 17:32:54) –ö–æ–º–∞–Ω–¥–∞ float_expired_posts –∑–∞–≤–µ—Ä—à–µ–Ω–∞.
(2025-10-06 17:32:54) –ö–æ–º–∞–Ω–¥–∞ float_expired_posts –∑–∞–≤–µ—Ä—à–µ–Ω–∞.
(2025-10-06 17:32:56) –ó–∞–ø—É—Å–∫ –∫–æ–º–∞–Ω–¥—ã float_expired_posts...
Unknown command: 'float_expired_posts'
Type 'manage.py help' for usage.
(2025-10-06 17:32:58) –ö–æ–º–∞–Ω–¥–∞ float_expired_posts –∑–∞–≤–µ—Ä—à–µ–Ω–∞.
(2025-10-06 17:33:54) –ó–∞–ø—É—Å–∫ –∫–æ–º–∞–Ω–¥—ã float_expired_posts...
(2025-10-06 17:33:54) –ó–∞–ø—É—Å–∫ –∫–æ–º–∞–Ω–¥—ã float_expired_posts...
Unknown command: 'float_expired_posts'
Type 'manage.py help' for usage.Unknown command: 'float_expired_posts'
Type 'manage.py help' for usage.
–∞.
(2025-10-06 17:33:59) –ö–æ–º–∞–Ω–¥–∞ float_expired_posts –∑–∞–≤–µ—Ä—à–µ–Ω–∞.
(2025-10-06 17:34:01) –ö–æ–º–∞–Ω–¥–∞ float_expired_posts –∑–∞–≤–µ—Ä—à–µ–Ω–∞.
