
> frontend@0.1.0 start
> react-scripts start

(node:50480) [DEP_WEBPACK_DEV_SERVER_ON_AFTER_SETUP_MIDDLEWARE] DeprecationWarning: 'onAfterSetupMiddleware' option is deprecated. Please use the 'setupMiddlewares' option.
(Use `node --trace-deprecation ...` to show where the warning was created)
(node:50480) [DEP_WEBPACK_DEV_SERVER_ON_BEFORE_SETUP_MIDDLEWARE] DeprecationWarning: 'onBeforeSetupMiddleware' option is deprecated. Please use the 'setupMiddlewares' option.
Starting the development server...

Compiled successfully!

You can now view frontend in the browser.

  Local:            http://localhost:3000
  On Your Network:  http://192.168.56.1:3000

Note that the development build is not optimized.
To create a production build, use npm run build.

webpack compiled [1m[32msuccessfully[39m[22m
Compiling...
Compiled with warnings.

[eslint] 
src\pages\profile\Profile.js
  Line 48:9:  The 'fetchUserData' function makes the dependencies of useEffect Hook (at line 109) change on every render. Move it inside the useEffect callback. Alternatively, wrap the definition of 'fetchUserData' in its own useCallback() Hook  react-hooks/exhaustive-deps

Search for the keywords to learn more about each warning.
To ignore, add // eslint-disable-next-line to the line before.

[1m[33mWARNING[39m[22m in [1m[eslint] 
src\pages\profile\Profile.js
  Line 48:9:  The 'fetchUserData' function makes the dependencies of useEffect Hook (at line 109) change on every render. Move it inside the useEffect callback. Alternatively, wrap the definition of 'fetchUserData' in its own useCallback() Hook  react-hooks/exhaustive-deps

[39m[22m

webpack compiled with [1m[33m1 warning[39m[22m
Compiling...
Compiled with warnings.

[eslint] 
src\pages\profile\Profile.js
  Line 48:9:  The 'fetchUserData' function makes the dependencies of useEffect Hook (at line 109) change on every render. Move it inside the useEffect callback. Alternatively, wrap the definition of 'fetchUserData' in its own useCallback() Hook  react-hooks/exhaustive-deps

Search for the keywords to learn more about each warning.
To ignore, add // eslint-disable-next-line to the line before.

[1m[33mWARNING[39m[22m in [1m[eslint] 
src\pages\profile\Profile.js
  Line 48:9:  The 'fetchUserData' function makes the dependencies of useEffect Hook (at line 109) change on every render. Move it inside the useEffect callback. Alternatively, wrap the definition of 'fetchUserData' in its own useCallback() Hook  react-hooks/exhaustive-deps

[39m[22m

webpack compiled with [1m[33m1 warning[39m[22m
Compiling...
Compiled with warnings.

[eslint] 
src\pages\profile\Profile.js
  Line 48:9:  The 'fetchUserData' function makes the dependencies of useEffect Hook (at line 109) change on every render. Move it inside the useEffect callback. Alternatively, wrap the definition of 'fetchUserData' in its own useCallback() Hook  react-hooks/exhaustive-deps

Search for the keywords to learn more about each warning.
To ignore, add // eslint-disable-next-line to the line before.

[1m[33mWARNING[39m[22m in [1m[eslint] 
src\pages\profile\Profile.js
  Line 48:9:  The 'fetchUserData' function makes the dependencies of useEffect Hook (at line 109) change on every render. Move it inside the useEffect callback. Alternatively, wrap the definition of 'fetchUserData' in its own useCallback() Hook  react-hooks/exhaustive-deps

[39m[22m

webpack compiled with [1m[33m1 warning[39m[22m
Compiling...
Compiled with warnings.

[eslint] 
src\pages\profile\Profile.js
  Line 48:9:  The 'fetchUserData' function makes the dependencies of useEffect Hook (at line 109) change on every render. Move it inside the useEffect callback. Alternatively, wrap the definition of 'fetchUserData' in its own useCallback() Hook  react-hooks/exhaustive-deps

Search for the keywords to learn more about each warning.
To ignore, add // eslint-disable-next-line to the line before.

[1m[33mWARNING[39m[22m in [1m[eslint] 
src\pages\profile\Profile.js
  Line 48:9:  The 'fetchUserData' function makes the dependencies of useEffect Hook (at line 109) change on every render. Move it inside the useEffect callback. Alternatively, wrap the definition of 'fetchUserData' in its own useCallback() Hook  react-hooks/exhaustive-deps

[39m[22m

webpack compiled with [1m[33m1 warning[39m[22m
Compiling...
Compiled with warnings.

[eslint] 
src\pages\profile\Profile.js
  Line 48:9:  The 'fetchUserData' function makes the dependencies of useEffect Hook (at line 109) change on every render. Move it inside the useEffect callback. Alternatively, wrap the definition of 'fetchUserData' in its own useCallback() Hook  react-hooks/exhaustive-deps

Search for the keywords to learn more about each warning.
To ignore, add // eslint-disable-next-line to the line before.

[1m[33mWARNING[39m[22m in [1m[eslint] 
src\pages\profile\Profile.js
  Line 48:9:  The 'fetchUserData' function makes the dependencies of useEffect Hook (at line 109) change on every render. Move it inside the useEffect callback. Alternatively, wrap the definition of 'fetchUserData' in its own useCallback() Hook  react-hooks/exhaustive-deps

[39m[22m

webpack compiled with [1m[33m1 warning[39m[22m
Compiling...
Compiled with warnings.

[eslint] 
src\pages\profile\Profile.js
  Line 48:9:  The 'fetchUserData' function makes the dependencies of useEffect Hook (at line 109) change on every render. Move it inside the useEffect callback. Alternatively, wrap the definition of 'fetchUserData' in its own useCallback() Hook  react-hooks/exhaustive-deps

Search for the keywords to learn more about each warning.
To ignore, add // eslint-disable-next-line to the line before.

[1m[33mWARNING[39m[22m in [1m[eslint] 
src\pages\profile\Profile.js
  Line 48:9:  The 'fetchUserData' function makes the dependencies of useEffect Hook (at line 109) change on every render. Move it inside the useEffect callback. Alternatively, wrap the definition of 'fetchUserData' in its own useCallback() Hook  react-hooks/exhaustive-deps

[39m[22m

webpack compiled with [1m[33m1 warning[39m[22m
Compiling...
Compiled with warnings.

[eslint] 
src\pages\profile\Profile.js
  Line 48:9:  The 'fetchUserData' function makes the dependencies of useEffect Hook (at line 109) change on every render. Move it inside the useEffect callback. Alternatively, wrap the definition of 'fetchUserData' in its own useCallback() Hook  react-hooks/exhaustive-deps

Search for the keywords to learn more about each warning.
To ignore, add // eslint-disable-next-line to the line before.

[1m[33mWARNING[39m[22m in [1m[eslint] 
src\pages\profile\Profile.js
  Line 48:9:  The 'fetchUserData' function makes the dependencies of useEffect Hook (at line 109) change on every render. Move it inside the useEffect callback. Alternatively, wrap the definition of 'fetchUserData' in its own useCallback() Hook  react-hooks/exhaustive-deps

[39m[22m

webpack compiled with [1m[33m1 warning[39m[22m
Compiling...
Compiled with warnings.

[eslint] 
src\pages\profile\Profile.js
  Line 48:9:  The 'fetchUserData' function makes the dependencies of useEffect Hook (at line 109) change on every render. Move it inside the useEffect callback. Alternatively, wrap the definition of 'fetchUserData' in its own useCallback() Hook  react-hooks/exhaustive-deps

Search for the keywords to learn more about each warning.
To ignore, add // eslint-disable-next-line to the line before.

[1m[33mWARNING[39m[22m in [1m[eslint] 
src\pages\profile\Profile.js
  Line 48:9:  The 'fetchUserData' function makes the dependencies of useEffect Hook (at line 109) change on every render. Move it inside the useEffect callback. Alternatively, wrap the definition of 'fetchUserData' in its own useCallback() Hook  react-hooks/exhaustive-deps

[39m[22m

webpack compiled with [1m[33m1 warning[39m[22m
Compiling...
Compiled with warnings.

[eslint] 
src\pages\profile\Profile.js
  Line 48:9:  The 'fetchUserData' function makes the dependencies of useEffect Hook (at line 109) change on every render. Move it inside the useEffect callback. Alternatively, wrap the definition of 'fetchUserData' in its own useCallback() Hook  react-hooks/exhaustive-deps

Search for the keywords to learn more about each warning.
To ignore, add // eslint-disable-next-line to the line before.

[1m[33mWARNING[39m[22m in [1m[eslint] 
src\pages\profile\Profile.js
  Line 48:9:  The 'fetchUserData' function makes the dependencies of useEffect Hook (at line 109) change on every render. Move it inside the useEffect callback. Alternatively, wrap the definition of 'fetchUserData' in its own useCallback() Hook  react-hooks/exhaustive-deps

[39m[22m

webpack compiled with [1m[33m1 warning[39m[22m
Compiling...
Compiled with warnings.

[eslint] 
src\pages\profile\Profile.js
  Line 48:9:  The 'fetchUserData' function makes the dependencies of useEffect Hook (at line 109) change on every render. Move it inside the useEffect callback. Alternatively, wrap the definition of 'fetchUserData' in its own useCallback() Hook  react-hooks/exhaustive-deps

Search for the keywords to learn more about each warning.
To ignore, add // eslint-disable-next-line to the line before.

[1m[33mWARNING[39m[22m in [1m[eslint] 
src\pages\profile\Profile.js
  Line 48:9:  The 'fetchUserData' function makes the dependencies of useEffect Hook (at line 109) change on every render. Move it inside the useEffect callback. Alternatively, wrap the definition of 'fetchUserData' in its own useCallback() Hook  react-hooks/exhaustive-deps

[39m[22m

webpack compiled with [1m[33m1 warning[39m[22m
Compiling...
Compiled with warnings.

[eslint] 
src\pages\profile\Profile.js
  Line 48:9:  The 'fetchUserData' function makes the dependencies of useEffect Hook (at line 109) change on every render. Move it inside the useEffect callback. Alternatively, wrap the definition of 'fetchUserData' in its own useCallback() Hook  react-hooks/exhaustive-deps

Search for the keywords to learn more about each warning.
To ignore, add // eslint-disable-next-line to the line before.

[1m[33mWARNING[39m[22m in [1m[eslint] 
src\pages\profile\Profile.js
  Line 48:9:  The 'fetchUserData' function makes the dependencies of useEffect Hook (at line 109) change on every render. Move it inside the useEffect callback. Alternatively, wrap the definition of 'fetchUserData' in its own useCallback() Hook  react-hooks/exhaustive-deps

[39m[22m

webpack compiled with [1m[33m1 warning[39m[22m
Compiling...
Compiled with warnings.

[eslint] 
src\pages\Home.js
  Line 4:8:  'getAvatarUrl' is defined but never used  no-unused-vars

src\pages\profile\Profile.js
  Line 48:9:  The 'fetchUserData' function makes the dependencies of useEffect Hook (at line 109) change on every render. Move it inside the useEffect callback. Alternatively, wrap the definition of 'fetchUserData' in its own useCallback() Hook  react-hooks/exhaustive-deps

Search for the keywords to learn more about each warning.
To ignore, add // eslint-disable-next-line to the line before.

[1m[33mWARNING[39m[22m in [1m[eslint] 
src\pages\Home.js
  Line 4:8:  'getAvatarUrl' is defined but never used  no-unused-vars

src\pages\profile\Profile.js
  Line 48:9:  The 'fetchUserData' function makes the dependencies of useEffect Hook (at line 109) change on every render. Move it inside the useEffect callback. Alternatively, wrap the definition of 'fetchUserData' in its own useCallback() Hook  react-hooks/exhaustive-deps

[39m[22m

webpack compiled with [1m[33m1 warning[39m[22m
Compiling...
Compiled with warnings.

[eslint] 
src\pages\profile\Profile.js
  Line 48:9:  The 'fetchUserData' function makes the dependencies of useEffect Hook (at line 109) change on every render. Move it inside the useEffect callback. Alternatively, wrap the definition of 'fetchUserData' in its own useCallback() Hook  react-hooks/exhaustive-deps

Search for the keywords to learn more about each warning.
To ignore, add // eslint-disable-next-line to the line before.

[1m[33mWARNING[39m[22m in [1m[eslint] 
src\pages\profile\Profile.js
  Line 48:9:  The 'fetchUserData' function makes the dependencies of useEffect Hook (at line 109) change on every render. Move it inside the useEffect callback. Alternatively, wrap the definition of 'fetchUserData' in its own useCallback() Hook  react-hooks/exhaustive-deps

[39m[22m

webpack compiled with [1m[33m1 warning[39m[22m
Compiling...
Compiled with warnings.

[eslint] 
src\pages\profile\Profile.js
  Line 48:9:  The 'fetchUserData' function makes the dependencies of useEffect Hook (at line 109) change on every render. Move it inside the useEffect callback. Alternatively, wrap the definition of 'fetchUserData' in its own useCallback() Hook  react-hooks/exhaustive-deps

Search for the keywords to learn more about each warning.
To ignore, add // eslint-disable-next-line to the line before.

[1m[33mWARNING[39m[22m in [1m[eslint] 
src\pages\profile\Profile.js
  Line 48:9:  The 'fetchUserData' function makes the dependencies of useEffect Hook (at line 109) change on every render. Move it inside the useEffect callback. Alternatively, wrap the definition of 'fetchUserData' in its own useCallback() Hook  react-hooks/exhaustive-deps

[39m[22m

webpack compiled with [1m[33m1 warning[39m[22m
Compiling...
Compiled with warnings.

[eslint] 
src\pages\profile\Profile.js
  Line 48:9:  The 'fetchUserData' function makes the dependencies of useEffect Hook (at line 109) change on every render. Move it inside the useEffect callback. Alternatively, wrap the definition of 'fetchUserData' in its own useCallback() Hook  react-hooks/exhaustive-deps

Search for the keywords to learn more about each warning.
To ignore, add // eslint-disable-next-line to the line before.

[1m[33mWARNING[39m[22m in [1m[eslint] 
src\pages\profile\Profile.js
  Line 48:9:  The 'fetchUserData' function makes the dependencies of useEffect Hook (at line 109) change on every render. Move it inside the useEffect callback. Alternatively, wrap the definition of 'fetchUserData' in its own useCallback() Hook  react-hooks/exhaustive-deps

[39m[22m

webpack compiled with [1m[33m1 warning[39m[22m
